Flow report for everything
Tue Feb 27 11:02:34 2018
Quartus II Version 9.0 Build 235 06/17/2009 Service Pack 2 SJ Web Edition


---------------------
; Table of Contents ;
---------------------
  1. Legal Notice
  2. Flow Summary
  3. Flow Settings
  4. Flow Non-Default Global Settings
  5. Flow Elapsed Time
  6. Flow OS Summary
  7. Flow Log



----------------
; Legal Notice ;
----------------
Copyright (C) 1991-2009 Altera Corporation
Your use of Altera Corporation's design tools, logic functions 
and other software and tools, and its AMPP partner logic 
functions, and any output files from any of the foregoing 
(including device programming or simulation files), and any 
associated documentation or information are expressly subject 
to the terms and conditions of the Altera Program License 
Subscription Agreement, Altera MegaCore Function License 
Agreement, or other applicable license agreement, including, 
without limitation, that your use is for the sole purpose of 
programming logic devices manufactured by Altera and sold by 
Altera or its authorized distributors.  Please refer to the 
applicable agreement for further details.



+------------------------------------------------------------------------+
; Flow Summary                                                           ;
+-------------------------+----------------------------------------------+
; Flow Status             ; Successful - Tue Feb 27 11:02:34 2018        ;
; Quartus II Version      ; 9.0 Build 235 06/17/2009 SP 2 SJ Web Edition ;
; Revision Name           ; everything                                   ;
; Top-level Entity Name   ; everything                                   ;
; Family                  ; MAX II                                       ;
; Device                  ; EPM240T100C4                                 ;
; Timing Models           ; Final                                        ;
; Met timing requirements ; Yes                                          ;
; Total logic elements    ; 168 / 240 ( 70 % )                           ;
; Total pins              ; 12 / 80 ( 15 % )                             ;
; Total virtual pins      ; 0                                            ;
; UFM blocks              ; 0 / 1 ( 0 % )                                ;
+-------------------------+----------------------------------------------+


+-----------------------------------------+
; Flow Settings                           ;
+-------------------+---------------------+
; Option            ; Setting             ;
+-------------------+---------------------+
; Start date & time ; 02/27/2018 11:02:26 ;
; Main task         ; Compilation         ;
; Revision Name     ; everything          ;
+-------------------+---------------------+


+-------------------------------------------------------------------------------------------------------------------------------------------------------------------+
; Flow Non-Default Global Settings                                                                                                                                  ;
+---------------------------------------+-------------------------------------------------------+------------------------------+-------------+----------------------+
; Assignment Name                       ; Value                                                 ; Default Value                ; Entity Name ; Section Id           ;
+---------------------------------------+-------------------------------------------------------+------------------------------+-------------+----------------------+
; COMPILER_SIGNATURE_ID                 ; 70975878963757.151972214608340                        ; --                           ; --          ; --                   ;
; CUT_OFF_READ_DURING_WRITE_PATHS       ; Off                                                   ; On                           ; --          ; --                   ;
; EDA_INPUT_GND_NAME                    ; Gnd                                                   ; --                           ; --          ; eda_design_synthesis ;
; EDA_INPUT_VCC_NAME                    ; Vcc                                                   ; --                           ; --          ; eda_design_synthesis ;
; EDA_SHOW_LMF_MAPPING_MESSAGES         ; Off                                                   ; --                           ; --          ; eda_design_synthesis ;
; EXCLUDE_TPD_PATHS_LESS_THAN           ; 0 ns                                                  ; --                           ; --          ; --                   ;
; FLOW_ENABLE_IO_ASSIGNMENT_ANALYSIS    ; On                                                    ; Off                          ; --          ; --                   ;
; INCREMENTAL_COMPILATION               ; Off                                                   ; FULL_INCREMENTAL_COMPILATION ; --          ; --                   ;
; MAX_CORE_JUNCTION_TEMP                ; 85                                                    ; --                           ; --          ; --                   ;
; MIN_CORE_JUNCTION_TEMP                ; 0                                                     ; --                           ; --          ; --                   ;
; MISC_FILE                             ; D:/dor and dan/everything 6/everything/everything.dpf ; --                           ; --          ; --                   ;
; POWER_EXT_SUPPLY_VOLTAGE_TO_REGULATOR ; 3.3V                                                  ; --                           ; --          ; --                   ;
; PROJECT_OUTPUT_DIRECTORY              ; D:\dor and dan\everything 6\everything                ; --                           ; --          ; --                   ;
+---------------------------------------+-------------------------------------------------------+------------------------------+-------------+----------------------+


+-----------------------------------------------------------------------------------------------------------------------------+
; Flow Elapsed Time                                                                                                           ;
+-------------------------+--------------+-------------------------+---------------------+------------------------------------+
; Module Name             ; Elapsed Time ; Average Processors Used ; Peak Virtual Memory ; Total CPU Time (on all processors) ;
+-------------------------+--------------+-------------------------+---------------------+------------------------------------+
; Analysis & Synthesis    ; 00:00:02     ; 1.0                     ; 266 MB              ; 00:00:02                           ;
; I/O Assignment Analysis ; 00:00:01     ; 1.0                     ; 244 MB              ; 00:00:00                           ;
; Fitter                  ; 00:00:00     ; 1.0                     ; 256 MB              ; 00:00:01                           ;
; Assembler               ; 00:00:00     ; 1.0                     ; 221 MB              ; 00:00:00                           ;
; Classic Timing Analyzer ; 00:00:00     ; 1.0                     ; 194 MB              ; 00:00:00                           ;
; Total                   ; 00:00:03     ; --                      ; --                  ; 00:00:03                           ;
+-------------------------+--------------+-------------------------+---------------------+------------------------------------+


+------------------------------------------------------------------------------------------+
; Flow OS Summary                                                                          ;
+-------------------------+------------------+---------------+------------+----------------+
; Module Name             ; Machine Hostname ; OS Name       ; OS Version ; Processor type ;
+-------------------------+------------------+---------------+------------+----------------+
; Analysis & Synthesis    ; 111-7            ; Windows Vista ; 6.2        ; x86_64         ;
; I/O Assignment Analysis ; 111-7            ; Windows Vista ; 6.2        ; x86_64         ;
; Fitter                  ; 111-7            ; Windows Vista ; 6.2        ; x86_64         ;
; Assembler               ; 111-7            ; Windows Vista ; 6.2        ; x86_64         ;
; Classic Timing Analyzer ; 111-7            ; Windows Vista ; 6.2        ; x86_64         ;
+-------------------------+------------------+---------------+------------+----------------+


------------
; Flow Log ;
------------
quartus_map --read_settings_files=on --write_settings_files=off everything -c everything
quartus_fit --read_settings_files=off --write_settings_files=off everything -c everything --check_ios
quartus_fit --read_settings_files=off --write_settings_files=off everything -c everything
quartus_asm --read_settings_files=off --write_settings_files=off everything -c everything
quartus_tan --read_settings_files=off --write_settings_files=off everything -c everything



