Project Information          d:\dor & dan\everithing 4\everything\info_mux.rpt

MAX+plus II Compiler Report File
Version 10.1 06/12/2001
Compiled: 01/29/2018 11:16:09

Copyright (C) 1988-2001 Altera Corporation
Any megafunction design, and related net list (encrypted or decrypted),
support information, device programming or simulation file, and any other
associated documentation or information provided by Altera or a partner
under Altera's Megafunction Partnership Program may be used only to
program PLD devices (but not masked PLD devices) from Altera.  Any other
use of such megafunction design, net list, support information, device
programming or simulation file, or any other related documentation or
information is prohibited for any other purpose, including, but not
limited to modification, reverse engineering, de-compiling, or use with
any other silicon devices, unless such use is explicitly licensed under
a separate agreement with Altera or a megafunction partner.  Title to
the intellectual property, including patents, copyrights, trademarks,
trade secrets, or maskworks, embodied in any such megafunction design,
net list, support information, device programming or simulation file, or
any other related documentation or information provided by Altera or a
megafunction partner, remains with Altera, the megafunction partner, or
their respective licensors.  No other licenses, including any licenses
needed under any third party's intellectual property, are provided herein.



***** Project compilation was successful


INFO_MUX


** DEVICE SUMMARY **

Chip/                     Input Output Bidir  Memory  Memory  			 LCs
POF       Device          Pins  Pins   Pins   Bits % Utilized  LCs  % Utilized

info_mux  EPF10K10LC84-3   8      15     0    0         0  %    15       2  %

User Pins:                 8      15     0  



Device-Specific Information: d:\dor & dan\everithing 4\everything\info_mux.rpt
info_mux

***** Logic for device 'info_mux' compiled without errors.




Device: EPF10K10LC84-3

FLEX 10K Configuration Scheme: Passive Serial

Device Options:
    User-Supplied Start-Up Clock               = OFF
    Auto-Restart Configuration on Frame Error  = OFF
    Release Clears Before Tri-States           = OFF
    Enable Chip_Wide Reset                     = OFF
    Enable Chip-Wide Output Enable             = OFF
    Enable INIT_DONE Output                    = OFF
    JTAG User Code                             = 7f

                                                                                
                                                                          ^     
                                                                          C     
                 R  R  R  R  R  R  R     R           R     R  R  R  R     O     
                 E  E  E  E  E  E  E     E           E     E  E  E  E     N     
                 S  S  S  S  S  S  S  V  S           S  G  S  S  S  S     F     
                 E  E  E  E  E  E  E  C  E  d  d  d  E  N  E  E  E  E     _  ^  
                 R  R  R  R  R  R  R  C  R  a  a  a  R  D  R  R  R  R  #  D  n  
                 V  V  V  V  V  V  V  I  V  t  t  t  V  I  V  V  V  V  T  O  C  
                 E  E  E  E  E  E  E  N  E  a  a  a  E  N  E  E  E  E  C  N  E  
                 D  D  D  D  D  D  D  T  D  6  4  3  D  T  D  D  D  D  K  E  O  
               -----------------------------------------------------------------_ 
             /  11 10  9  8  7  6  5  4  3  2  1 84 83 82 81 80 79 78 77 76 75   | 
     ^DATA0 | 12                                                              74 | #TDO 
      ^DCLK | 13                                                              73 | RESERVED 
       ^nCE | 14                                                              72 | RESERVED 
       #TDI | 15                                                              71 | RESERVED 
   RESERVED | 16                                                              70 | RESERVED 
   RESERVED | 17                                                              69 | motors3 
   RESERVED | 18                                                              68 | GNDINT 
   RESERVED | 19                                                              67 | data1 
     VCCINT | 20                                                              66 | motors1 
    motors0 | 21                                                              65 | motors2 
      data2 | 22                        EPF10K10LC84-3                        64 | servo_cam1 
 servo_cam2 | 23                                                              63 | VCCINT 
servo_claw0 | 24                                                              62 | servo_cam0 
servo_claw1 | 25                                                              61 | RESERVED 
     GNDINT | 26                                                              60 | servo_arm2 
   RESERVED | 27                                                              59 | RESERVED 
     speed1 | 28                                                              58 | RESERVED 
 servo_arm1 | 29                                                              57 | #TMS 
 servo_arm0 | 30                                                              56 | #TRST 
     ^MSEL0 | 31                                                              55 | ^nSTATUS 
     ^MSEL1 | 32                                                              54 | RESERVED 
            |_  33 34 35 36 37 38 39 40 41 42 43 44 45 46 47 48 49 50 51 52 53  _| 
              ------------------------------------------------------------------ 
                 V  ^  R  s  R  s  R  V  G  d  d  d  V  G  R  R  R  R  R  R  R  
                 C  n  E  p  E  e  E  C  N  a  a  a  C  N  E  E  E  E  E  E  E  
                 C  C  S  e  S  r  S  C  D  t  t  t  C  D  S  S  S  S  S  S  S  
                 I  O  E  e  E  v  E  I  I  a  a  a  I  I  E  E  E  E  E  E  E  
                 N  N  R  d  R  o  R  N  N  7  5  0  N  N  R  R  R  R  R  R  R  
                 T  F  V  2  V  _  V  T  T           T  T  V  V  V  V  V  V  V  
                    I  E     E  c  E                       E  E  E  E  E  E  E  
                    G  D     D  l  D                       D  D  D  D  D  D  D  
                                a                                               
                                w                                               
                                2                                               


N.C. = No Connect. This pin has no internal connection to the device.
VCCINT = Dedicated power pin, which MUST be connected to VCC (5.0 volts).
VCCIO = Dedicated power pin, which MUST be connected to VCC (5.0 volts).
GNDINT = Dedicated ground pin or unused dedicated input, which MUST be connected to GND.
GNDIO = Dedicated ground pin, which MUST be connected to GND.
RESERVED = Unused I/O pin, which MUST be left unconnected.

^ = Dedicated configuration pin.
+ = Reserved configuration pin, which is tri-stated during user mode.
* = Reserved configuration pin, which drives out in user mode.
PDn = Power Down pin. 
@ = Special-purpose pin. 
# = JTAG Boundary-Scan Testing/In-System Programming or Configuration Pin. The JTAG inputs TMS and TDI should be tied to VCC and TCK should be tied to GND when not in use.
& = JTAG pin used for I/O. When used as user I/O, JTAG pins must be kept stable before and during configuration.  JTAG pin stability prevents accidental loading of JTAG instructions.


Device-Specific Information: d:\dor & dan\everithing 4\everything\info_mux.rpt
info_mux

** RESOURCE USAGE **

Logic                Column       Row                                   
Array                Interconnect Interconnect         Clears/     External  
Block   Logic Cells  Driven       Driven       Clocks  Presets   Interconnect
B10      8/ 8(100%)   1/ 8( 12%)   7/ 8( 87%)    0/2    0/2       5/22( 22%)   
C7       7/ 8( 87%)   2/ 8( 25%)   5/ 8( 62%)    0/2    0/2       6/22( 27%)   


Embedded             Column       Row                                   
Array     Embedded   Interconnect Interconnect         Read/      External  
Block     Cells      Driven       Driven       Clocks  Write    Interconnect


Total dedicated input pins used:                 6/6      (100%)
Total I/O pins used:                            17/53     ( 32%)
Total logic cells used:                         15/576    (  2%)
Total embedded cells used:                       0/24     (  0%)
Total EABs used:                                 0/3      (  0%)
Average fan-in:                                 3.00/4    ( 75%)
Total fan-in:                                  45/2304    (  1%)

Total input pins required:                       8
Total input I/O cell registers required:         0
Total output pins required:                     15
Total output I/O cell registers required:        0
Total buried I/O cell registers required:        0
Total bidirectional pins required:               0
Total reserved pins required                     0
Total logic cells required:                     15
Total flipflops required:                        0
Total packed registers required:                 0
Total logic cells in carry chains:               0
Total number of carry chains:                    0
Total logic cells in cascade chains:             0
Total number of cascade chains:                  0
Total single-pin Clock Enables required:         0
Total single-pin Output Enables required:        0

Synthesized logic cells:                         0/ 576   (  0%)

Logic Cell and Embedded Cell Counts

Column:  01  02  03  04  05  06  07  08  09  10  11  12  EA  13  14  15  16  17  18  19  20  21  22  23  24  Total(LC/EC)
 A:      0   0   0   0   0   0   0   0   0   0   0   0   0   0   0   0   0   0   0   0   0   0   0   0   0      0/0  
 B:      0   0   0   0   0   0   0   0   0   8   0   0   0   0   0   0   0   0   0   0   0   0   0   0   0      8/0  
 C:      0   0   0   0   0   0   7   0   0   0   0   0   0   0   0   0   0   0   0   0   0   0   0   0   0      7/0  

Total:   0   0   0   0   0   0   7   0   0   8   0   0   0   0   0   0   0   0   0   0   0   0   0   0   0     15/0  



Device-Specific Information: d:\dor & dan\everithing 4\everything\info_mux.rpt
info_mux

** INPUTS **

                                                    Fan-In    Fan-Out
 Pin     LC     EC   Row  Col  Primitive    Code      INP  FBK  OUT  FBK  Name
  44      -     -    -    --      INPUT                0    0    0    3  data0
  67      -     -    B    --      INPUT                0    0    0    3  data1
  22      -     -    B    --      INPUT                0    0    0    3  data2
  84      -     -    -    --      INPUT                0    0    0    2  data3
   1      -     -    -    --      INPUT                0    0    0    2  data4
  43      -     -    -    --      INPUT                0    0    0    2  data5
   2      -     -    -    --      INPUT                0    0    0   15  data6
  42      -     -    -    --      INPUT                0    0    0   15  data7


Code:

s = Synthesized pin or logic cell
+ = Synchronous flipflop
/ = Slow slew-rate output
! = NOT gate push-back
r = Fitter-inserted logic cell
@ = Uses single-pin Clock Enable
& = Uses single-pin Output Enable


Device-Specific Information: d:\dor & dan\everithing 4\everything\info_mux.rpt
info_mux

** OUTPUTS **

       Fed By Fed By                                Fan-In    Fan-Out
 Pin     LC     EC   Row  Col  Primitive    Code      INP  FBK  OUT  FBK  Name
  21      -     -    B    --     OUTPUT                0    1    0    0  motors0
  66      -     -    B    --     OUTPUT                0    1    0    0  motors1
  65      -     -    B    --     OUTPUT                0    1    0    0  motors2
  69      -     -    A    --     OUTPUT                0    1    0    0  motors3
  30      -     -    C    --     OUTPUT                0    1    0    0  servo_arm0
  29      -     -    C    --     OUTPUT                0    1    0    0  servo_arm1
  60      -     -    C    --     OUTPUT                0    1    0    0  servo_arm2
  62      -     -    C    --     OUTPUT                0    1    0    0  servo_cam0
  64      -     -    B    --     OUTPUT                0    1    0    0  servo_cam1
  23      -     -    B    --     OUTPUT                0    1    0    0  servo_cam2
  24      -     -    B    --     OUTPUT                0    1    0    0  servo_claw0
  25      -     -    B    --     OUTPUT                0    1    0    0  servo_claw1
  38      -     -    -    10     OUTPUT                0    1    0    0  servo_claw2
  28      -     -    C    --     OUTPUT                0    1    0    0  speed1
  36      -     -    -    07     OUTPUT                0    1    0    0  speed2


Code:

s = Synthesized pin or logic cell
+ = Synchronous flipflop
/ = Slow slew-rate output
! = NOT gate push-back
r = Fitter-inserted logic cell
@ = Uses single-pin Clock Enable
& = Uses single-pin Output Enable


Device-Specific Information: d:\dor & dan\everithing 4\everything\info_mux.rpt
info_mux

** BURIED LOGIC **

                                                    Fan-In    Fan-Out
 IOC     LC     EC   Row  Col  Primitive    Code      INP  FBK  OUT  FBK  Name
   -      8     -    C    07       AND2                3    0    1    0  :44
   -      5     -    B    10       AND2                3    0    1    0  :47
   -      2     -    B    10       AND2                3    0    1    0  :50
   -      1     -    B    10       AND2                3    0    1    0  :53
   -      3     -    C    07       AND2                3    0    1    0  :69
   -      2     -    C    07       AND2                3    0    1    0  :85
   -      4     -    B    10       AND2                3    0    1    0  :105
   -      7     -    B    10       AND2                3    0    1    0  :108
   -      1     -    C    07       AND2                3    0    1    0  :111
   -      4     -    C    07       AND2                3    0    1    0  :131
   -      5     -    C    07       AND2                3    0    1    0  :134
   -      7     -    C    07       AND2                3    0    1    0  :137
   -      3     -    B    10       AND2                3    0    1    0  :157
   -      8     -    B    10       AND2                3    0    1    0  :160
   -      6     -    B    10       AND2                3    0    1    0  :163


Code:

s = Synthesized pin or logic cell
+ = Synchronous flipflop
/ = Slow slew-rate output
! = NOT gate push-back
r = Fitter-inserted logic cell
p = Packed register


Device-Specific Information: d:\dor & dan\everithing 4\everything\info_mux.rpt
info_mux

** FASTTRACK INTERCONNECT UTILIZATION **

Row FastTrack Interconnect:

          Global         Left Half-      Right Half-
         FastTrack       FastTrack       FastTrack 
Row     Interconnect    Interconnect    Interconnect    Input Pins     Output Pins     Bidir Pins
A:       1/ 96(  1%)     0/ 48(  0%)     0/ 48(  0%)    0/16(  0%)      1/16(  6%)     0/16(  0%)
B:       6/ 96(  6%)     3/ 48(  6%)     0/ 48(  0%)    2/16( 12%)      7/16( 43%)     0/16(  0%)
C:       2/ 96(  2%)     3/ 48(  6%)     0/ 48(  0%)    0/16(  0%)      5/16( 31%)     0/16(  0%)


Column FastTrack Interconnect:

         FastTrack                                 
Column  Interconnect    Input Pins     Output Pins     Bidir Pins
01:      0/24(  0%)     0/4(  0%)      0/4(  0%)       0/4(  0%)
02:      0/24(  0%)     0/4(  0%)      0/4(  0%)       0/4(  0%)
03:      0/24(  0%)     0/4(  0%)      0/4(  0%)       0/4(  0%)
04:      0/24(  0%)     0/4(  0%)      0/4(  0%)       0/4(  0%)
05:      0/24(  0%)     0/4(  0%)      0/4(  0%)       0/4(  0%)
06:      0/24(  0%)     0/4(  0%)      0/4(  0%)       0/4(  0%)
07:      1/24(  4%)     0/4(  0%)      1/4( 25%)       0/4(  0%)
08:      1/24(  4%)     0/4(  0%)      0/4(  0%)       0/4(  0%)
09:      0/24(  0%)     0/4(  0%)      0/4(  0%)       0/4(  0%)
10:      1/24(  4%)     0/4(  0%)      1/4( 25%)       0/4(  0%)
11:      0/24(  0%)     0/4(  0%)      0/4(  0%)       0/4(  0%)
12:      0/24(  0%)     0/4(  0%)      0/4(  0%)       0/4(  0%)
13:      0/24(  0%)     0/4(  0%)      0/4(  0%)       0/4(  0%)
14:      0/24(  0%)     0/4(  0%)      0/4(  0%)       0/4(  0%)
15:      0/24(  0%)     0/4(  0%)      0/4(  0%)       0/4(  0%)
16:      0/24(  0%)     0/4(  0%)      0/4(  0%)       0/4(  0%)
17:      0/24(  0%)     0/4(  0%)      0/4(  0%)       0/4(  0%)
18:      0/24(  0%)     0/4(  0%)      0/4(  0%)       0/4(  0%)
19:      0/24(  0%)     0/4(  0%)      0/4(  0%)       0/4(  0%)
20:      0/24(  0%)     0/4(  0%)      0/4(  0%)       0/4(  0%)
21:      0/24(  0%)     0/4(  0%)      0/4(  0%)       0/4(  0%)
22:      0/24(  0%)     0/4(  0%)      0/4(  0%)       0/4(  0%)
23:      0/24(  0%)     0/4(  0%)      0/4(  0%)       0/4(  0%)
24:      0/24(  0%)     0/4(  0%)      0/4(  0%)       0/4(  0%)
EA:      0/24(  0%)     0/4(  0%)      0/4(  0%)       0/4(  0%)


Device-Specific Information: d:\dor & dan\everithing 4\everything\info_mux.rpt
info_mux

** EQUATIONS **

data0    : INPUT;
data1    : INPUT;
data2    : INPUT;
data3    : INPUT;
data4    : INPUT;
data5    : INPUT;
data6    : INPUT;
data7    : INPUT;

-- Node name is 'motors0' 
-- Equation name is 'motors0', type is output 
motors0  =  _LC1_B10;

-- Node name is 'motors1' 
-- Equation name is 'motors1', type is output 
motors1  =  _LC2_B10;

-- Node name is 'motors2' 
-- Equation name is 'motors2', type is output 
motors2  =  _LC5_B10;

-- Node name is 'motors3' 
-- Equation name is 'motors3', type is output 
motors3  =  _LC8_C7;

-- Node name is 'servo_arm0' 
-- Equation name is 'servo_arm0', type is output 
servo_arm0 =  _LC7_C7;

-- Node name is 'servo_arm1' 
-- Equation name is 'servo_arm1', type is output 
servo_arm1 =  _LC5_C7;

-- Node name is 'servo_arm2' 
-- Equation name is 'servo_arm2', type is output 
servo_arm2 =  _LC4_C7;

-- Node name is 'servo_cam0' 
-- Equation name is 'servo_cam0', type is output 
servo_cam0 =  _LC1_C7;

-- Node name is 'servo_cam1' 
-- Equation name is 'servo_cam1', type is output 
servo_cam1 =  _LC7_B10;

-- Node name is 'servo_cam2' 
-- Equation name is 'servo_cam2', type is output 
servo_cam2 =  _LC4_B10;

-- Node name is 'servo_claw0' 
-- Equation name is 'servo_claw0', type is output 
servo_claw0 =  _LC6_B10;

-- Node name is 'servo_claw1' 
-- Equation name is 'servo_claw1', type is output 
servo_claw1 =  _LC8_B10;

-- Node name is 'servo_claw2' 
-- Equation name is 'servo_claw2', type is output 
servo_claw2 =  _LC3_B10;

-- Node name is 'speed1' 
-- Equation name is 'speed1', type is output 
speed1   =  _LC3_C7;

-- Node name is 'speed2' 
-- Equation name is 'speed2', type is output 
speed2   =  _LC2_C7;

-- Node name is ':44' 
-- Equation name is '_LC8_C7', type is buried 
_LC8_C7  = LCELL( _EQ001);
  _EQ001 =  data3 & !data6 & !data7;

-- Node name is ':47' 
-- Equation name is '_LC5_B10', type is buried 
_LC5_B10 = LCELL( _EQ002);
  _EQ002 =  data2 & !data6 & !data7;

-- Node name is ':50' 
-- Equation name is '_LC2_B10', type is buried 
_LC2_B10 = LCELL( _EQ003);
  _EQ003 =  data1 & !data6 & !data7;

-- Node name is ':53' 
-- Equation name is '_LC1_B10', type is buried 
_LC1_B10 = LCELL( _EQ004);
  _EQ004 =  data0 & !data6 & !data7;

-- Node name is ':69' 
-- Equation name is '_LC3_C7', type is buried 
_LC3_C7  = LCELL( _EQ005);
  _EQ005 =  data4 & !data6 & !data7;

-- Node name is ':85' 
-- Equation name is '_LC2_C7', type is buried 
_LC2_C7  = LCELL( _EQ006);
  _EQ006 =  data5 & !data6 & !data7;

-- Node name is ':105' 
-- Equation name is '_LC4_B10', type is buried 
_LC4_B10 = LCELL( _EQ007);
  _EQ007 =  data2 &  data6 & !data7;

-- Node name is ':108' 
-- Equation name is '_LC7_B10', type is buried 
_LC7_B10 = LCELL( _EQ008);
  _EQ008 =  data1 &  data6 & !data7;

-- Node name is ':111' 
-- Equation name is '_LC1_C7', type is buried 
_LC1_C7  = LCELL( _EQ009);
  _EQ009 =  data0 &  data6 & !data7;

-- Node name is ':131' 
-- Equation name is '_LC4_C7', type is buried 
_LC4_C7  = LCELL( _EQ010);
  _EQ010 =  data5 &  data6 & !data7;

-- Node name is ':134' 
-- Equation name is '_LC5_C7', type is buried 
_LC5_C7  = LCELL( _EQ011);
  _EQ011 =  data4 &  data6 & !data7;

-- Node name is ':137' 
-- Equation name is '_LC7_C7', type is buried 
_LC7_C7  = LCELL( _EQ012);
  _EQ012 =  data3 &  data6 & !data7;

-- Node name is ':157' 
-- Equation name is '_LC3_B10', type is buried 
_LC3_B10 = LCELL( _EQ013);
  _EQ013 =  data2 & !data6 &  data7;

-- Node name is ':160' 
-- Equation name is '_LC8_B10', type is buried 
_LC8_B10 = LCELL( _EQ014);
  _EQ014 =  data1 & !data6 &  data7;

-- Node name is ':163' 
-- Equation name is '_LC6_B10', type is buried 
_LC6_B10 = LCELL( _EQ015);
  _EQ015 =  data0 & !data6 &  data7;



Project Information          d:\dor & dan\everithing 4\everything\info_mux.rpt

** COMPILATION SETTINGS & TIMES **

Processing Menu Commands
------------------------

Design Doctor                             = off

Logic Synthesis:

   Synthesis Type Used                    = Multi-Level

   Default Synthesis Style                = NORMAL

      Logic option settings in 'NORMAL' style for 'FLEX10K' family

      CARRY_CHAIN                         = ignore
      CARRY_CHAIN_LENGTH                  = 32
      CASCADE_CHAIN                       = ignore
      CASCADE_CHAIN_LENGTH                = 2
      DECOMPOSE_GATES                     = on
      DUPLICATE_LOGIC_EXTRACTION          = on
      MINIMIZATION                        = full
      MULTI_LEVEL_FACTORING               = on
      NOT_GATE_PUSH_BACK                  = on
      REDUCE_LOGIC                        = on
      REFACTORIZATION                     = on
      REGISTER_OPTIMIZATION               = on
      RESYNTHESIZE_NETWORK                = on
      SLOW_SLEW_RATE                      = off
      SUBFACTOR_EXTRACTION                = on
      IGNORE_SOFT_BUFFERS                 = on
      USE_LPM_FOR_AHDL_OPERATORS          = off

   Other logic synthesis settings:

      Automatic Global Clock              = on
      Automatic Global Clear              = on
      Automatic Global Preset             = on
      Automatic Global Output Enable      = on
      Automatic Fast I/O                  = off
      Automatic Register Packing          = off
      Automatic Open-Drain Pins           = on
      Automatic Implement in EAB          = off
      Optimize                            = 5

Default Timing Specifications: None

Cut All Bidir Feedback Timing Paths       = on
Cut All Clear & Preset Timing Paths       = on

Ignore Timing Assignments                 = off

Functional SNF Extractor                  = off

Linked SNF Extractor                      = off
Timing SNF Extractor                      = on
Optimize Timing SNF                       = off
Generate AHDL TDO File                    = off
Fitter Settings                           = NORMAL
Use Quartus Fitter                        = on
Smart Recompile                           = off
Total Recompile                           = off

Interfaces Menu Commands
------------------------

EDIF Netlist Writer                       = off
Verilog Netlist Writer                    = off
VHDL Netlist Writer                       = off

Compilation Times
-----------------

   Compiler Netlist Extractor             00:00:00
   Database Builder                       00:00:00
   Logic Synthesizer                      00:00:00
   Partitioner                            00:00:00
   Fitter                                 00:00:00
   Timing SNF Extractor                   00:00:00
   Assembler                              00:00:00
   --------------------------             --------
   Total Time                             00:00:00


Memory Allocated
-----------------

Peak memory allocated during compilation  = 14,624K
