Project Information                   d:\everything 7\everything\info_mux2.rpt

MAX+plus II Compiler Report File
Version 10.1 06/12/2001
Compiled: 04/08/2018 10:08:03

Copyright (C) 1988-2001 Altera Corporation
Any megafunction design, and related net list (encrypted or decrypted),
support information, device programming or simulation file, and any other
associated documentation or information provided by Altera or a partner
under Altera's Megafunction Partnership Program may be used only to
program PLD devices (but not masked PLD devices) from Altera.  Any other
use of such megafunction design, net list, support information, device
programming or simulation file, or any other related documentation or
information is prohibited for any other purpose, including, but not
limited to modification, reverse engineering, de-compiling, or use with
any other silicon devices, unless such use is explicitly licensed under
a separate agreement with Altera or a megafunction partner.  Title to
the intellectual property, including patents, copyrights, trademarks,
trade secrets, or maskworks, embodied in any such megafunction design,
net list, support information, device programming or simulation file, or
any other related documentation or information provided by Altera or a
megafunction partner, remains with Altera, the megafunction partner, or
their respective licensors.  No other licenses, including any licenses
needed under any third party's intellectual property, are provided herein.



***** Project compilation was successful


INFO_MUX2


** DEVICE SUMMARY **

Chip/                     Input Output Bidir  Memory  Memory  			 LCs
POF       Device          Pins  Pins   Pins   Bits % Utilized  LCs  % Utilized

info_mux2
      EPF10K10LC84-3       9      15     0    0         0  %    15       2  %

User Pins:                 9      15     0  



Device-Specific Information:          d:\everything 7\everything\info_mux2.rpt
info_mux2

***** Logic for device 'info_mux2' compiled without errors.




Device: EPF10K10LC84-3

FLEX 10K Configuration Scheme: Passive Serial

Device Options:
    User-Supplied Start-Up Clock               = OFF
    Auto-Restart Configuration on Frame Error  = OFF
    Release Clears Before Tri-States           = OFF
    Enable Chip_Wide Reset                     = OFF
    Enable Chip-Wide Output Enable             = OFF
    Enable INIT_DONE Output                    = OFF
    JTAG User Code                             = 7f

                                                                                
                                                                          ^     
                                                                          C     
                 R  R  R  R  R  R  R                       R  R  R  R     O     
                 E  E  E  E  E  E  E     m                 E  E  E  E     N     
                 S  S  S  S  S  S  S  V  o           s  G  S  S  S  S     F     
                 E  E  E  E  E  E  E  C  t  d     d  p  N  E  E  E  E     _  ^  
                 R  R  R  R  R  R  R  C  o  a     a  e  D  R  R  R  R  #  D  n  
                 V  V  V  V  V  V  V  I  r  t  c  t  e  I  V  V  V  V  T  O  C  
                 E  E  E  E  E  E  E  N  s  a  l  a  d  N  E  E  E  E  C  N  E  
                 D  D  D  D  D  D  D  T  2  7  k  3  1  T  D  D  D  D  K  E  O  
               -----------------------------------------------------------------_ 
             /  11 10  9  8  7  6  5  4  3  2  1 84 83 82 81 80 79 78 77 76 75   | 
     ^DATA0 | 12                                                              74 | #TDO 
      ^DCLK | 13                                                              73 | servo_arm0 
       ^nCE | 14                                                              72 | data5 
       #TDI | 15                                                              71 | speed2 
   RESERVED | 16                                                              70 | RESERVED 
 servo_cam0 | 17                                                              69 | servo_arm1 
 servo_arm2 | 18                                                              68 | GNDINT 
servo_claw0 | 19                                                              67 | RESERVED 
     VCCINT | 20                                                              66 | RESERVED 
   RESERVED | 21                                                              65 | RESERVED 
   RESERVED | 22                        EPF10K10LC84-3                        64 | RESERVED 
   RESERVED | 23                                                              63 | VCCINT 
   RESERVED | 24                                                              62 | RESERVED 
   RESERVED | 25                                                              61 | servo_claw2 
     GNDINT | 26                                                              60 | servo_cam1 
    motors0 | 27                                                              59 | RESERVED 
      data1 | 28                                                              58 | servo_claw1 
 servo_cam2 | 29                                                              57 | #TMS 
      data2 | 30                                                              56 | #TRST 
     ^MSEL0 | 31                                                              55 | ^nSTATUS 
     ^MSEL1 | 32                                                              54 | RESERVED 
            |_  33 34 35 36 37 38 39 40 41 42 43 44 45 46 47 48 49 50 51 52 53  _| 
              ------------------------------------------------------------------ 
                 V  ^  R  R  R  R  m  V  G  d  d  d  V  G  m  R  R  R  R  R  R  
                 C  n  E  E  E  E  o  C  N  a  a  a  C  N  o  E  E  E  E  E  E  
                 C  C  S  S  S  S  t  C  D  t  t  t  C  D  t  S  S  S  S  S  S  
                 I  O  E  E  E  E  o  I  I  a  a  a  I  I  o  E  E  E  E  E  E  
                 N  N  R  R  R  R  r  N  N  6  4  0  N  N  r  R  R  R  R  R  R  
                 T  F  V  V  V  V  s  T  T           T  T  s  V  V  V  V  V  V  
                    I  E  E  E  E  1                       3  E  E  E  E  E  E  
                    G  D  D  D  D                             D  D  D  D  D  D  
                                                                                
                                                                                
                                                                                


N.C. = No Connect. This pin has no internal connection to the device.
VCCINT = Dedicated power pin, which MUST be connected to VCC (5.0 volts).
VCCIO = Dedicated power pin, which MUST be connected to VCC (5.0 volts).
GNDINT = Dedicated ground pin or unused dedicated input, which MUST be connected to GND.
GNDIO = Dedicated ground pin, which MUST be connected to GND.
RESERVED = Unused I/O pin, which MUST be left unconnected.

^ = Dedicated configuration pin.
+ = Reserved configuration pin, which is tri-stated during user mode.
* = Reserved configuration pin, which drives out in user mode.
PDn = Power Down pin. 
@ = Special-purpose pin. 
# = JTAG Boundary-Scan Testing/In-System Programming or Configuration Pin. The JTAG inputs TMS and TDI should be tied to VCC and TCK should be tied to GND when not in use.
& = JTAG pin used for I/O. When used as user I/O, JTAG pins must be kept stable before and during configuration.  JTAG pin stability prevents accidental loading of JTAG instructions.


Device-Specific Information:          d:\everything 7\everything\info_mux2.rpt
info_mux2

** RESOURCE USAGE **

Logic                Column       Row                                   
Array                Interconnect Interconnect         Clears/     External  
Block   Logic Cells  Driven       Driven       Clocks  Presets   Interconnect
A13      8/ 8(100%)   2/ 8( 25%)   6/ 8( 75%)    1/2    0/2       6/22( 27%)   
C12      7/ 8( 87%)   2/ 8( 25%)   5/ 8( 62%)    1/2    0/2       5/22( 22%)   


Embedded             Column       Row                                   
Array     Embedded   Interconnect Interconnect         Read/      External  
Block     Cells      Driven       Driven       Clocks  Write    Interconnect


Total dedicated input pins used:                 6/6      (100%)
Total I/O pins used:                            18/53     ( 33%)
Total logic cells used:                         15/576    (  2%)
Total embedded cells used:                       0/24     (  0%)
Total EABs used:                                 0/3      (  0%)
Average fan-in:                                 4.00/4    (100%)
Total fan-in:                                  60/2304    (  2%)

Total input pins required:                       9
Total input I/O cell registers required:         0
Total output pins required:                     15
Total output I/O cell registers required:        0
Total buried I/O cell registers required:        0
Total bidirectional pins required:               0
Total reserved pins required                     0
Total logic cells required:                     15
Total flipflops required:                       15
Total packed registers required:                 0
Total logic cells in carry chains:               0
Total number of carry chains:                    0
Total logic cells in cascade chains:             0
Total number of cascade chains:                  0
Total single-pin Clock Enables required:         0
Total single-pin Output Enables required:        0

Synthesized logic cells:                         0/ 576   (  0%)

Logic Cell and Embedded Cell Counts

Column:  01  02  03  04  05  06  07  08  09  10  11  12  EA  13  14  15  16  17  18  19  20  21  22  23  24  Total(LC/EC)
 A:      0   0   0   0   0   0   0   0   0   0   0   0   0   8   0   0   0   0   0   0   0   0   0   0   0      8/0  
 B:      0   0   0   0   0   0   0   0   0   0   0   0   0   0   0   0   0   0   0   0   0   0   0   0   0      0/0  
 C:      0   0   0   0   0   0   0   0   0   0   0   7   0   0   0   0   0   0   0   0   0   0   0   0   0      7/0  

Total:   0   0   0   0   0   0   0   0   0   0   0   7   0   8   0   0   0   0   0   0   0   0   0   0   0     15/0  



Device-Specific Information:          d:\everything 7\everything\info_mux2.rpt
info_mux2

** INPUTS **

                                                    Fan-In    Fan-Out
 Pin     LC     EC   Row  Col  Primitive    Code      INP  FBK  OUT  FBK  Name
   1      -     -    -    --      INPUT  G             0    0    0    0  clk
  44      -     -    -    --      INPUT                0    0    0    3  data0
  28      -     -    C    --      INPUT                0    0    0    3  data1
  30      -     -    C    --      INPUT                0    0    0    3  data2
  84      -     -    -    --      INPUT                0    0    0    2  data3
  43      -     -    -    --      INPUT                0    0    0    2  data4
  72      -     -    A    --      INPUT                0    0    0    2  data5
  42      -     -    -    --      INPUT                0    0    0   15  data6
   2      -     -    -    --      INPUT                0    0    0   15  data7


Code:

s = Synthesized pin or logic cell
+ = Synchronous flipflop
/ = Slow slew-rate output
! = NOT gate push-back
r = Fitter-inserted logic cell
@ = Uses single-pin Clock Enable
& = Uses single-pin Output Enable
G = Global Source. Fan-out destinations counted here do not include destinations
that are driven using global routing resources. Refer to the Auto Global Signals,
Clock Signals, Clear Signals, Synchronous Load Signals, and Synchronous Clear Signals
Sections of this Report File for information on which signals' fan-outs are used as
Clock, Clear, Preset, Output Enable, and synchronous Load signals.


Device-Specific Information:          d:\everything 7\everything\info_mux2.rpt
info_mux2

** OUTPUTS **

       Fed By Fed By                                Fan-In    Fan-Out
 Pin     LC     EC   Row  Col  Primitive    Code      INP  FBK  OUT  FBK  Name
  27      -     -    C    --     OUTPUT                0    1    0    0  motors0
  39      -     -    -    11     OUTPUT                0    1    0    0  motors1
   3      -     -    -    12     OUTPUT                0    1    0    0  motors2
  47      -     -    -    14     OUTPUT                0    1    0    0  motors3
  73      -     -    A    --     OUTPUT                0    1    0    0  servo_arm0
  69      -     -    A    --     OUTPUT                0    1    0    0  servo_arm1
  18      -     -    A    --     OUTPUT                0    1    0    0  servo_arm2
  17      -     -    A    --     OUTPUT                0    1    0    0  servo_cam0
  60      -     -    C    --     OUTPUT                0    1    0    0  servo_cam1
  29      -     -    C    --     OUTPUT                0    1    0    0  servo_cam2
  19      -     -    A    --     OUTPUT                0    1    0    0  servo_claw0
  58      -     -    C    --     OUTPUT                0    1    0    0  servo_claw1
  61      -     -    C    --     OUTPUT                0    1    0    0  servo_claw2
  83      -     -    -    13     OUTPUT                0    1    0    0  speed1
  71      -     -    A    --     OUTPUT                0    1    0    0  speed2


Code:

s = Synthesized pin or logic cell
+ = Synchronous flipflop
/ = Slow slew-rate output
! = NOT gate push-back
r = Fitter-inserted logic cell
@ = Uses single-pin Clock Enable
& = Uses single-pin Output Enable


Device-Specific Information:          d:\everything 7\everything\info_mux2.rpt
info_mux2

** BURIED LOGIC **

                                                    Fan-In    Fan-Out
 IOC     LC     EC   Row  Col  Primitive    Code      INP  FBK  OUT  FBK  Name
   -      2     -    A    13       DFFE   +            3    0    1    0  :10
   -      8     -    C    12       DFFE   +            3    0    1    0  :12
   -      3     -    C    12       DFFE   +            3    0    1    0  :14
   -      1     -    C    12       DFFE   +            3    0    1    0  :16
   -      6     -    A    13       DFFE   +            3    0    1    0  :18
   -      4     -    A    13       DFFE   +            3    0    1    0  :20
   -      5     -    C    12       DFFE   +            3    0    1    0  :22
   -      4     -    C    12       DFFE   +            3    0    1    0  :24
   -      3     -    A    13       DFFE   +            3    0    1    0  :26
   -      2     -    C    12       DFFE   +            3    0    1    0  :28
   -      6     -    C    12       DFFE   +            3    0    1    0  :30
   -      7     -    A    13       DFFE   +            3    0    1    0  :32
   -      5     -    A    13       DFFE   +            3    0    1    0  :34
   -      8     -    A    13       DFFE   +            3    0    1    0  :36
   -      1     -    A    13       DFFE   +            3    0    1    0  :38


Code:

s = Synthesized pin or logic cell
+ = Synchronous flipflop
/ = Slow slew-rate output
! = NOT gate push-back
r = Fitter-inserted logic cell
p = Packed register


Device-Specific Information:          d:\everything 7\everything\info_mux2.rpt
info_mux2

** FASTTRACK INTERCONNECT UTILIZATION **

Row FastTrack Interconnect:

          Global         Left Half-      Right Half-
         FastTrack       FastTrack       FastTrack 
Row     Interconnect    Interconnect    Interconnect    Input Pins     Output Pins     Bidir Pins
A:       4/ 96(  4%)     0/ 48(  0%)     3/ 48(  6%)    1/16(  6%)      6/16( 37%)     0/16(  0%)
B:       0/ 96(  0%)     0/ 48(  0%)     0/ 48(  0%)    0/16(  0%)      0/16(  0%)     0/16(  0%)
C:       5/ 96(  5%)     2/ 48(  4%)     0/ 48(  0%)    2/16( 12%)      5/16( 31%)     0/16(  0%)


Column FastTrack Interconnect:

         FastTrack                                 
Column  Interconnect    Input Pins     Output Pins     Bidir Pins
01:      0/24(  0%)     0/4(  0%)      0/4(  0%)       0/4(  0%)
02:      0/24(  0%)     0/4(  0%)      0/4(  0%)       0/4(  0%)
03:      0/24(  0%)     0/4(  0%)      0/4(  0%)       0/4(  0%)
04:      0/24(  0%)     0/4(  0%)      0/4(  0%)       0/4(  0%)
05:      0/24(  0%)     0/4(  0%)      0/4(  0%)       0/4(  0%)
06:      0/24(  0%)     0/4(  0%)      0/4(  0%)       0/4(  0%)
07:      0/24(  0%)     0/4(  0%)      0/4(  0%)       0/4(  0%)
08:      0/24(  0%)     0/4(  0%)      0/4(  0%)       0/4(  0%)
09:      0/24(  0%)     0/4(  0%)      0/4(  0%)       0/4(  0%)
10:      0/24(  0%)     0/4(  0%)      0/4(  0%)       0/4(  0%)
11:      1/24(  4%)     0/4(  0%)      1/4( 25%)       0/4(  0%)
12:      1/24(  4%)     0/4(  0%)      1/4( 25%)       0/4(  0%)
13:      1/24(  4%)     0/4(  0%)      1/4( 25%)       0/4(  0%)
14:      1/24(  4%)     0/4(  0%)      1/4( 25%)       0/4(  0%)
15:      0/24(  0%)     0/4(  0%)      0/4(  0%)       0/4(  0%)
16:      0/24(  0%)     0/4(  0%)      0/4(  0%)       0/4(  0%)
17:      0/24(  0%)     0/4(  0%)      0/4(  0%)       0/4(  0%)
18:      0/24(  0%)     0/4(  0%)      0/4(  0%)       0/4(  0%)
19:      0/24(  0%)     0/4(  0%)      0/4(  0%)       0/4(  0%)
20:      0/24(  0%)     0/4(  0%)      0/4(  0%)       0/4(  0%)
21:      0/24(  0%)     0/4(  0%)      0/4(  0%)       0/4(  0%)
22:      0/24(  0%)     0/4(  0%)      0/4(  0%)       0/4(  0%)
23:      0/24(  0%)     0/4(  0%)      0/4(  0%)       0/4(  0%)
24:      0/24(  0%)     0/4(  0%)      0/4(  0%)       0/4(  0%)
EA:      0/24(  0%)     0/4(  0%)      0/4(  0%)       0/4(  0%)


Device-Specific Information:          d:\everything 7\everything\info_mux2.rpt
info_mux2

** CLOCK SIGNALS **

Type     Fan-out       Name
INPUT       15         clk


Device-Specific Information:          d:\everything 7\everything\info_mux2.rpt
info_mux2

** EQUATIONS **

clk      : INPUT;
data0    : INPUT;
data1    : INPUT;
data2    : INPUT;
data3    : INPUT;
data4    : INPUT;
data5    : INPUT;
data6    : INPUT;
data7    : INPUT;

-- Node name is 'motors0' 
-- Equation name is 'motors0', type is output 
motors0  =  _LC1_C12;

-- Node name is 'motors1' 
-- Equation name is 'motors1', type is output 
motors1  =  _LC3_C12;

-- Node name is 'motors2' 
-- Equation name is 'motors2', type is output 
motors2  =  _LC8_C12;

-- Node name is 'motors3' 
-- Equation name is 'motors3', type is output 
motors3  =  _LC2_A13;

-- Node name is 'servo_arm0' 
-- Equation name is 'servo_arm0', type is output 
servo_arm0 =  _LC1_A13;

-- Node name is 'servo_arm1' 
-- Equation name is 'servo_arm1', type is output 
servo_arm1 =  _LC8_A13;

-- Node name is 'servo_arm2' 
-- Equation name is 'servo_arm2', type is output 
servo_arm2 =  _LC5_A13;

-- Node name is 'servo_cam0' 
-- Equation name is 'servo_cam0', type is output 
servo_cam0 =  _LC3_A13;

-- Node name is 'servo_cam1' 
-- Equation name is 'servo_cam1', type is output 
servo_cam1 =  _LC4_C12;

-- Node name is 'servo_cam2' 
-- Equation name is 'servo_cam2', type is output 
servo_cam2 =  _LC5_C12;

-- Node name is 'servo_claw0' 
-- Equation name is 'servo_claw0', type is output 
servo_claw0 =  _LC7_A13;

-- Node name is 'servo_claw1' 
-- Equation name is 'servo_claw1', type is output 
servo_claw1 =  _LC6_C12;

-- Node name is 'servo_claw2' 
-- Equation name is 'servo_claw2', type is output 
servo_claw2 =  _LC2_C12;

-- Node name is 'speed1' 
-- Equation name is 'speed1', type is output 
speed1   =  _LC6_A13;

-- Node name is 'speed2' 
-- Equation name is 'speed2', type is output 
speed2   =  _LC4_A13;

-- Node name is ':10' 
-- Equation name is '_LC2_A13', type is buried 
_LC2_A13 = DFFE( _EQ001, GLOBAL( clk),  VCC,  VCC,  VCC);
  _EQ001 =  data7 &  _LC2_A13
         #  data6 &  _LC2_A13
         #  data3 & !data6 & !data7;

-- Node name is ':12' 
-- Equation name is '_LC8_C12', type is buried 
_LC8_C12 = DFFE( _EQ002, GLOBAL( clk),  VCC,  VCC,  VCC);
  _EQ002 =  data7 &  _LC8_C12
         #  data6 &  _LC8_C12
         #  data2 & !data6 & !data7;

-- Node name is ':14' 
-- Equation name is '_LC3_C12', type is buried 
_LC3_C12 = DFFE( _EQ003, GLOBAL( clk),  VCC,  VCC,  VCC);
  _EQ003 =  data7 &  _LC3_C12
         #  data6 &  _LC3_C12
         #  data1 & !data6 & !data7;

-- Node name is ':16' 
-- Equation name is '_LC1_C12', type is buried 
_LC1_C12 = DFFE( _EQ004, GLOBAL( clk),  VCC,  VCC,  VCC);
  _EQ004 =  data7 &  _LC1_C12
         #  data6 &  _LC1_C12
         #  data0 & !data6 & !data7;

-- Node name is ':18' 
-- Equation name is '_LC6_A13', type is buried 
_LC6_A13 = DFFE( _EQ005, GLOBAL( clk),  VCC,  VCC,  VCC);
  _EQ005 =  data7 &  _LC6_A13
         #  data6 &  _LC6_A13
         #  data4 & !data6 & !data7;

-- Node name is ':20' 
-- Equation name is '_LC4_A13', type is buried 
_LC4_A13 = DFFE( _EQ006, GLOBAL( clk),  VCC,  VCC,  VCC);
  _EQ006 =  data7 &  _LC4_A13
         #  data6 &  _LC4_A13
         #  data5 & !data6 & !data7;

-- Node name is ':22' 
-- Equation name is '_LC5_C12', type is buried 
_LC5_C12 = DFFE( _EQ007, GLOBAL( clk),  VCC,  VCC,  VCC);
  _EQ007 =  data7 &  _LC5_C12
         # !data6 &  _LC5_C12
         #  data2 &  data6 & !data7;

-- Node name is ':24' 
-- Equation name is '_LC4_C12', type is buried 
_LC4_C12 = DFFE( _EQ008, GLOBAL( clk),  VCC,  VCC,  VCC);
  _EQ008 =  data7 &  _LC4_C12
         # !data6 &  _LC4_C12
         #  data1 &  data6 & !data7;

-- Node name is ':26' 
-- Equation name is '_LC3_A13', type is buried 
_LC3_A13 = DFFE( _EQ009, GLOBAL( clk),  VCC,  VCC,  VCC);
  _EQ009 =  data7 &  _LC3_A13
         # !data6 &  _LC3_A13
         #  data0 &  data6 & !data7;

-- Node name is ':28' 
-- Equation name is '_LC2_C12', type is buried 
_LC2_C12 = DFFE( _EQ010, GLOBAL( clk),  VCC,  VCC,  VCC);
  _EQ010 = !data7 &  _LC2_C12
         #  data6 &  _LC2_C12
         #  data2 & !data6 &  data7;

-- Node name is ':30' 
-- Equation name is '_LC6_C12', type is buried 
_LC6_C12 = DFFE( _EQ011, GLOBAL( clk),  VCC,  VCC,  VCC);
  _EQ011 = !data7 &  _LC6_C12
         #  data6 &  _LC6_C12
         #  data1 & !data6 &  data7;

-- Node name is ':32' 
-- Equation name is '_LC7_A13', type is buried 
_LC7_A13 = DFFE( _EQ012, GLOBAL( clk),  VCC,  VCC,  VCC);
  _EQ012 = !data7 &  _LC7_A13
         #  data6 &  _LC7_A13
         #  data0 & !data6 &  data7;

-- Node name is ':34' 
-- Equation name is '_LC5_A13', type is buried 
_LC5_A13 = DFFE( _EQ013, GLOBAL( clk),  VCC,  VCC,  VCC);
  _EQ013 =  data7 &  _LC5_A13
         # !data6 &  _LC5_A13
         #  data5 &  data6 & !data7;

-- Node name is ':36' 
-- Equation name is '_LC8_A13', type is buried 
_LC8_A13 = DFFE( _EQ014, GLOBAL( clk),  VCC,  VCC,  VCC);
  _EQ014 =  data7 &  _LC8_A13
         # !data6 &  _LC8_A13
         #  data4 &  data6 & !data7;

-- Node name is ':38' 
-- Equation name is '_LC1_A13', type is buried 
_LC1_A13 = DFFE( _EQ015, GLOBAL( clk),  VCC,  VCC,  VCC);
  _EQ015 =  data7 &  _LC1_A13
         # !data6 &  _LC1_A13
         #  data3 &  data6 & !data7;



Project Information                   d:\everything 7\everything\info_mux2.rpt

** COMPILATION SETTINGS & TIMES **

Processing Menu Commands
------------------------

Design Doctor                             = off

Logic Synthesis:

   Synthesis Type Used                    = Multi-Level

   Default Synthesis Style                = NORMAL

      Logic option settings in 'NORMAL' style for 'FLEX10K' family

      CARRY_CHAIN                         = ignore
      CARRY_CHAIN_LENGTH                  = 32
      CASCADE_CHAIN                       = ignore
      CASCADE_CHAIN_LENGTH                = 2
      DECOMPOSE_GATES                     = on
      DUPLICATE_LOGIC_EXTRACTION          = on
      MINIMIZATION                        = full
      MULTI_LEVEL_FACTORING               = on
      NOT_GATE_PUSH_BACK                  = on
      REDUCE_LOGIC                        = on
      REFACTORIZATION                     = on
      REGISTER_OPTIMIZATION               = on
      RESYNTHESIZE_NETWORK                = on
      SLOW_SLEW_RATE                      = off
      SUBFACTOR_EXTRACTION                = on
      IGNORE_SOFT_BUFFERS                 = on
      USE_LPM_FOR_AHDL_OPERATORS          = off

   Other logic synthesis settings:

      Automatic Global Clock              = on
      Automatic Global Clear              = on
      Automatic Global Preset             = on
      Automatic Global Output Enable      = on
      Automatic Fast I/O                  = off
      Automatic Register Packing          = off
      Automatic Open-Drain Pins           = on
      Automatic Implement in EAB          = off
      Optimize                            = 5

Default Timing Specifications: None

Cut All Bidir Feedback Timing Paths       = on
Cut All Clear & Preset Timing Paths       = on

Ignore Timing Assignments                 = off

Functional SNF Extractor                  = off

Linked SNF Extractor                      = off
Timing SNF Extractor                      = on
Optimize Timing SNF                       = off
Generate AHDL TDO File                    = off
Fitter Settings                           = NORMAL
Use Quartus Fitter                        = on
Smart Recompile                           = off
Total Recompile                           = off

Interfaces Menu Commands
------------------------

EDIF Netlist Writer                       = off
Verilog Netlist Writer                    = off
VHDL Netlist Writer                       = off

Compilation Times
-----------------

   Compiler Netlist Extractor             00:00:00
   Database Builder                       00:00:00
   Logic Synthesizer                      00:00:00
   Partitioner                            00:00:00
   Fitter                                 00:00:00
   Timing SNF Extractor                   00:00:00
   Assembler                              00:00:01
   --------------------------             --------
   Total Time                             00:00:01


Memory Allocated
-----------------

Peak memory allocated during compilation  = 11,372K
