Project Information               d:\dor & dan\everything 3\everything\rx2.rpt

MAX+plus II Compiler Report File
Version 10.1 06/12/2001
Compiled: 01/08/2018 13:04:17

Copyright (C) 1988-2001 Altera Corporation
Any megafunction design, and related net list (encrypted or decrypted),
support information, device programming or simulation file, and any other
associated documentation or information provided by Altera or a partner
under Altera's Megafunction Partnership Program may be used only to
program PLD devices (but not masked PLD devices) from Altera.  Any other
use of such megafunction design, net list, support information, device
programming or simulation file, or any other related documentation or
information is prohibited for any other purpose, including, but not
limited to modification, reverse engineering, de-compiling, or use with
any other silicon devices, unless such use is explicitly licensed under
a separate agreement with Altera or a megafunction partner.  Title to
the intellectual property, including patents, copyrights, trademarks,
trade secrets, or maskworks, embodied in any such megafunction design,
net list, support information, device programming or simulation file, or
any other related documentation or information provided by Altera or a
megafunction partner, remains with Altera, the megafunction partner, or
their respective licensors.  No other licenses, including any licenses
needed under any third party's intellectual property, are provided herein.



***** Project compilation was successful


RX2


** DEVICE SUMMARY **

Chip/                     Input Output Bidir  Memory  Memory  			 LCs
POF       Device          Pins  Pins   Pins   Bits % Utilized  LCs  % Utilized

rx2       EPF10K10LC84-3   2      8      0    0         0  %    62       10 %

User Pins:                 2      8      0  



Project Information               d:\dor & dan\everything 3\everything\rx2.rpt

** FILE HIERARCHY **



|lpm_add_sub:377|
|lpm_add_sub:377|addcore:adder|
|lpm_add_sub:377|altshift:result_ext_latency_ffs|
|lpm_add_sub:377|altshift:carry_ext_latency_ffs|
|lpm_add_sub:377|altshift:oflow_ext_latency_ffs|


Device-Specific Information:      d:\dor & dan\everything 3\everything\rx2.rpt
rx2

***** Logic for device 'rx2' compiled without errors.




Device: EPF10K10LC84-3

FLEX 10K Configuration Scheme: Passive Serial

Device Options:
    User-Supplied Start-Up Clock               = OFF
    Auto-Restart Configuration on Frame Error  = OFF
    Release Clears Before Tri-States           = OFF
    Enable Chip_Wide Reset                     = OFF
    Enable Chip-Wide Output Enable             = OFF
    Enable INIT_DONE Output                    = OFF
    JTAG User Code                             = 7f

                                                                         ^     
                                                                         C     
                R  R  R  R  R  R  R     R           R     R  R  R  R     O     
                E  E  E  E  E  E  E     E           E     E  E  E  E     N     
                S  S  S  S  S  S  S  V  S  G     G  S  G  S  S  S  S     F     
                E  E  E  E  E  E  E  C  E  N     N  E  N  E  E  E  E     _  ^  
                R  R  R  R  R  R  R  C  R  D     D  R  D  R  R  R  R  #  D  n  
                V  V  V  V  V  V  V  I  V  I     I  V  I  V  V  V  V  T  O  C  
                E  E  E  E  E  E  E  N  E  N  s  N  E  N  E  E  E  E  C  N  E  
                D  D  D  D  D  D  D  T  D  T  i  T  D  T  D  D  D  D  K  E  O  
              -----------------------------------------------------------------_ 
            /  11 10  9  8  7  6  5  4  3  2  1 84 83 82 81 80 79 78 77 76 75   | 
    ^DATA0 | 12                                                              74 | #TDO 
     ^DCLK | 13                                                              73 | RESERVED 
      ^nCE | 14                                                              72 | RESERVED 
      #TDI | 15                                                              71 | RESERVED 
  RESERVED | 16                                                              70 | RESERVED 
  RESERVED | 17                                                              69 | RESERVED 
  RESERVED | 18                                                              68 | GNDINT 
  RESERVED | 19                                                              67 | RESERVED 
    VCCINT | 20                                                              66 | RESERVED 
  RESERVED | 21                                                              65 | RESERVED 
  RESERVED | 22                        EPF10K10LC84-3                        64 | RESERVED 
  RESERVED | 23                                                              63 | VCCINT 
  RESERVED | 24                                                              62 | y5 
  RESERVED | 25                                                              61 | y4 
    GNDINT | 26                                                              60 | y7 
        y6 | 27                                                              59 | y3 
  RESERVED | 28                                                              58 | y1 
        y2 | 29                                                              57 | #TMS 
        y0 | 30                                                              56 | #TRST 
    ^MSEL0 | 31                                                              55 | ^nSTATUS 
    ^MSEL1 | 32                                                              54 | RESERVED 
           |_  33 34 35 36 37 38 39 40 41 42 43 44 45 46 47 48 49 50 51 52 53  _| 
             ------------------------------------------------------------------ 
                V  ^  R  R  R  R  R  V  G  G  c  G  V  G  R  R  R  R  R  R  R  
                C  n  E  E  E  E  E  C  N  N  l  N  C  N  E  E  E  E  E  E  E  
                C  C  S  S  S  S  S  C  D  D  k  D  C  D  S  S  S  S  S  S  S  
                I  O  E  E  E  E  E  I  I  I     I  I  I  E  E  E  E  E  E  E  
                N  N  R  R  R  R  R  N  N  N     N  N  N  R  R  R  R  R  R  R  
                T  F  V  V  V  V  V  T  T  T     T  T  T  V  V  V  V  V  V  V  
                   I  E  E  E  E  E                       E  E  E  E  E  E  E  
                   G  D  D  D  D  D                       D  D  D  D  D  D  D  
                                                                               
                                                                               


N.C. = No Connect. This pin has no internal connection to the device.
VCCINT = Dedicated power pin, which MUST be connected to VCC (5.0 volts).
VCCIO = Dedicated power pin, which MUST be connected to VCC (5.0 volts).
GNDINT = Dedicated ground pin or unused dedicated input, which MUST be connected to GND.
GNDIO = Dedicated ground pin, which MUST be connected to GND.
RESERVED = Unused I/O pin, which MUST be left unconnected.

^ = Dedicated configuration pin.
+ = Reserved configuration pin, which is tri-stated during user mode.
* = Reserved configuration pin, which drives out in user mode.
PDn = Power Down pin. 
@ = Special-purpose pin. 
# = JTAG Boundary-Scan Testing/In-System Programming or Configuration Pin. The JTAG inputs TMS and TDI should be tied to VCC and TCK should be tied to GND when not in use.
& = JTAG pin used for I/O. When used as user I/O, JTAG pins must be kept stable before and during configuration.  JTAG pin stability prevents accidental loading of JTAG instructions.


Device-Specific Information:      d:\dor & dan\everything 3\everything\rx2.rpt
rx2

** RESOURCE USAGE **

Logic                Column       Row                                   
Array                Interconnect Interconnect         Clears/     External  
Block   Logic Cells  Driven       Driven       Clocks  Presets   Interconnect
C13      8/ 8(100%)   0/ 8(  0%)   6/ 8( 75%)    1/2    1/2       3/22( 13%)   
C14      8/ 8(100%)   0/ 8(  0%)   1/ 8( 12%)    1/2    0/2      11/22( 50%)   
C15      8/ 8(100%)   0/ 8(  0%)   6/ 8( 75%)    1/2    1/2       8/22( 36%)   
C16      8/ 8(100%)   0/ 8(  0%)   4/ 8( 50%)    1/2    1/2       9/22( 40%)   
C18      8/ 8(100%)   0/ 8(  0%)   6/ 8( 75%)    1/2    1/2      10/22( 45%)   
C19      8/ 8(100%)   0/ 8(  0%)   3/ 8( 37%)    1/2    1/2       8/22( 36%)   
C20      8/ 8(100%)   0/ 8(  0%)   4/ 8( 50%)    1/2    1/2       8/22( 36%)   
C23      3/ 8( 37%)   0/ 8(  0%)   3/ 8( 37%)    0/2    0/2       4/22( 18%)   
C24      3/ 8( 37%)   0/ 8(  0%)   2/ 8( 25%)    1/2    1/2       7/22( 31%)   


Embedded             Column       Row                                   
Array     Embedded   Interconnect Interconnect         Read/      External  
Block     Cells      Driven       Driven       Clocks  Write    Interconnect


Total dedicated input pins used:                 2/6      ( 33%)
Total I/O pins used:                             8/53     ( 15%)
Total logic cells used:                         62/576    ( 10%)
Total embedded cells used:                       0/24     (  0%)
Total EABs used:                                 0/3      (  0%)
Average fan-in:                                 3.41/4    ( 85%)
Total fan-in:                                 212/2304    (  9%)

Total input pins required:                       2
Total input I/O cell registers required:         0
Total output pins required:                      8
Total output I/O cell registers required:        0
Total buried I/O cell registers required:        0
Total bidirectional pins required:               0
Total reserved pins required                     0
Total logic cells required:                     62
Total flipflops required:                       27
Total packed registers required:                 0
Total logic cells in carry chains:               0
Total number of carry chains:                    0
Total logic cells in cascade chains:             0
Total number of cascade chains:                  0
Total single-pin Clock Enables required:         0
Total single-pin Output Enables required:        0

Synthesized logic cells:                        23/ 576   (  3%)

Logic Cell and Embedded Cell Counts

Column:  01  02  03  04  05  06  07  08  09  10  11  12  EA  13  14  15  16  17  18  19  20  21  22  23  24  Total(LC/EC)
 A:      0   0   0   0   0   0   0   0   0   0   0   0   0   0   0   0   0   0   0   0   0   0   0   0   0      0/0  
 B:      0   0   0   0   0   0   0   0   0   0   0   0   0   0   0   0   0   0   0   0   0   0   0   0   0      0/0  
 C:      0   0   0   0   0   0   0   0   0   0   0   0   0   8   8   8   8   0   8   8   8   0   0   3   3     62/0  

Total:   0   0   0   0   0   0   0   0   0   0   0   0   0   8   8   8   8   0   8   8   8   0   0   3   3     62/0  



Device-Specific Information:      d:\dor & dan\everything 3\everything\rx2.rpt
rx2

** INPUTS **

                                                    Fan-In    Fan-Out
 Pin     LC     EC   Row  Col  Primitive    Code      INP  FBK  OUT  FBK  Name
  43      -     -    -    --      INPUT  G             0    0    0    0  clk
   1      -     -    -    --      INPUT  G             0    0    0   10  si


Code:

s = Synthesized pin or logic cell
+ = Synchronous flipflop
/ = Slow slew-rate output
! = NOT gate push-back
r = Fitter-inserted logic cell
@ = Uses single-pin Clock Enable
& = Uses single-pin Output Enable
G = Global Source. Fan-out destinations counted here do not include destinations
that are driven using global routing resources. Refer to the Auto Global Signals,
Clock Signals, Clear Signals, Synchronous Load Signals, and Synchronous Clear Signals
Sections of this Report File for information on which signals' fan-outs are used as
Clock, Clear, Preset, Output Enable, and synchronous Load signals.


Device-Specific Information:      d:\dor & dan\everything 3\everything\rx2.rpt
rx2

** OUTPUTS **

       Fed By Fed By                                Fan-In    Fan-Out
 Pin     LC     EC   Row  Col  Primitive    Code      INP  FBK  OUT  FBK  Name
  30      -     -    C    --     OUTPUT                0    1    0    0  y0
  58      -     -    C    --     OUTPUT                0    1    0    0  y1
  29      -     -    C    --     OUTPUT                0    1    0    0  y2
  59      -     -    C    --     OUTPUT                0    1    0    0  y3
  61      -     -    C    --     OUTPUT                0    1    0    0  y4
  62      -     -    C    --     OUTPUT                0    1    0    0  y5
  27      -     -    C    --     OUTPUT                0    1    0    0  y6
  60      -     -    C    --     OUTPUT                0    1    0    0  y7


Code:

s = Synthesized pin or logic cell
+ = Synchronous flipflop
/ = Slow slew-rate output
! = NOT gate push-back
r = Fitter-inserted logic cell
@ = Uses single-pin Clock Enable
& = Uses single-pin Output Enable


Device-Specific Information:      d:\dor & dan\everything 3\everything\rx2.rpt
rx2

** BURIED LOGIC **

                                                    Fan-In    Fan-Out
 IOC     LC     EC   Row  Col  Primitive    Code      INP  FBK  OUT  FBK  Name
   -      3     -    C    13       AND2                0    2    0    1  |LPM_ADD_SUB:377|addcore:adder|:75
   -      7     -    C    13       AND2                0    3    0    1  |LPM_ADD_SUB:377|addcore:adder|:79
   -      4     -    C    13       AND2                0    4    0    2  |LPM_ADD_SUB:377|addcore:adder|:83
   -      1     -    C    18       AND2                0    2    0    2  |LPM_ADD_SUB:377|addcore:adder|:87
   -      3     -    C    23       AND2                0    2    0    2  |LPM_ADD_SUB:377|addcore:adder|:91
   -      1     -    C    23       AND2                0    2    0    1  |LPM_ADD_SUB:377|addcore:adder|:95
   -      4     -    C    18       DFFE   +            0    3    1    0  :3
   -      1     -    C    19       DFFE   +            0    3    1    0  :5
   -      1     -    C    16       DFFE   +            0    3    1    0  :7
   -      3     -    C    19       DFFE   +            0    3    1    0  :9
   -      5     -    C    16       DFFE   +            0    3    1    0  :11
   -      5     -    C    20       DFFE   +            0    3    1    0  :13
   -      6     -    C    20       DFFE   +            0    3    1    0  :15
   -      6     -    C    16       DFFE   +            0    3    1    0  :17
   -      4     -    C    15        OR2    s   !       0    4    0    3  start~1 (~20~1)
   -      7     -    C    20        OR2    s   !       0    4    0    5  start~2 (~20~2)
   -      6     -    C    19        OR2    s   !       0    3    0    2  start~3 (~20~3)
   -      1     -    C    14        OR2    s   !       0    4    0    2  start~4 (~20~4)
   -      2     -    C    24       DFFE   +            0    1    0   11  start (:20)
   -      2     -    C    18       DFFE   +            0    4    0    5  cnt7 (:21)
   -      2     -    C    15       DFFE   +            0    4    0   10  cnt6 (:22)
   -      2     -    C    16       DFFE   +            0    4    0   12  cnt5 (:23)
   -      5     -    C    18       DFFE   +            0    4    0    9  cnt4 (:24)
   -      8     -    C    13       DFFE   +            0    4    0    4  cnt3 (:25)
   -      1     -    C    13       DFFE   +            0    4    0    5  cnt2 (:26)
   -      6     -    C    13       DFFE   +            0    4    0    6  cnt1 (:27)
   -      5     -    C    13       DFFE   +            0    3    0    7  cnt0 (:28)
   -      7     -    C    18       DFFE   +            1    3    0    1  buf7 (:29)
   -      8     -    C    19       DFFE   +            1    2    0    1  buf6 (:30)
   -      8     -    C    16       DFFE   +            1    2    0    1  buf5 (:31)
   -      5     -    C    19       DFFE   +            1    2    0    1  buf4 (:32)
   -      4     -    C    16       DFFE   +            1    3    0    1  buf3 (:33)
   -      8     -    C    20       DFFE   +            1    2    0    1  buf2 (:34)
   -      3     -    C    20       DFFE   +            1    3    0    1  buf1 (:35)
   -      6     -    C    15       DFFE   +            1    3    0    1  buf0 (:36)
   -      5     -    C    14       DFFE   +            1    2    0    1  start_bit (:37)
   -      3     -    C    14       DFFE   +            1    2    0    1  stop_bit (:38)
   -      2     -    C    13       AND2    s           0    4    0    6  ~497~1
   -      3     -    C    18       AND2    s           0    3    0    5  ~497~2
   -      8     -    C    15       AND2                0    3    0    1  :497
   -      8     -    C    18       AND2    s           0    3    0    6  ~514~1
   -      2     -    C    20       AND2                0    2    0    1  :514
   -      3     -    C    16        OR2        !       0    2    0    1  :548
   -      2     -    C    19       AND2    s           0    2    0    3  ~565~1
   -      1     -    C    20       AND2    s           0    2    0    5  ~582~1
   -      6     -    C    18        OR2        !       0    3    0    1  :616
   -      2     -    C    23        OR2    s   !       0    3    0    5  ~633~1
   -      6     -    C    14       AND2                0    3    0    1  :633
   -      5     -    C    15        OR2    s           0    4    0    8  ~1824~1
   -      7     -    C    14        OR2    s           0    4    0    1  ~1913~1
   -      8     -    C    14        OR2    s           0    4    0    1  ~1913~2
   -      4     -    C    14        OR2    s           0    4    0    8  ~1913~3
   -      2     -    C    14        OR2    s           0    4    0    1  ~1919~1
   -      7     -    C    19       AND2    s   !       0    4    0    1  ~1931~1
   -      7     -    C    16       AND2    s   !       0    3    0    1  ~1937~1
   -      4     -    C    19       AND2    s   !       0    4    0    1  ~1943~1
   -      4     -    C    20       AND2    s   !       0    4    0    1  ~1955~1
   -      7     -    C    15        OR2    s           0    4    0    2  ~1967~1
   -      3     -    C    15       AND2    s   !       0    4    0    1  ~1973~1
   -      1     -    C    15        OR2    s           0    2    0    4  ~2071~1
   -      3     -    C    24        OR2    s           0    4    0    1  ~2071~2
   -      1     -    C    24        OR2        !       0    4    0   27  :2071


Code:

s = Synthesized pin or logic cell
+ = Synchronous flipflop
/ = Slow slew-rate output
! = NOT gate push-back
r = Fitter-inserted logic cell
p = Packed register


Device-Specific Information:      d:\dor & dan\everything 3\everything\rx2.rpt
rx2

** FASTTRACK INTERCONNECT UTILIZATION **

Row FastTrack Interconnect:

          Global         Left Half-      Right Half-
         FastTrack       FastTrack       FastTrack 
Row     Interconnect    Interconnect    Interconnect    Input Pins     Output Pins     Bidir Pins
A:       0/ 96(  0%)     0/ 48(  0%)     0/ 48(  0%)    0/16(  0%)      0/16(  0%)     0/16(  0%)
B:       0/ 96(  0%)     0/ 48(  0%)     0/ 48(  0%)    0/16(  0%)      0/16(  0%)     0/16(  0%)
C:       8/ 96(  8%)     0/ 48(  0%)    29/ 48( 60%)    0/16(  0%)      8/16( 50%)     0/16(  0%)


Column FastTrack Interconnect:

         FastTrack                                 
Column  Interconnect    Input Pins     Output Pins     Bidir Pins
01:      0/24(  0%)     0/4(  0%)      0/4(  0%)       0/4(  0%)
02:      0/24(  0%)     0/4(  0%)      0/4(  0%)       0/4(  0%)
03:      0/24(  0%)     0/4(  0%)      0/4(  0%)       0/4(  0%)
04:      0/24(  0%)     0/4(  0%)      0/4(  0%)       0/4(  0%)
05:      0/24(  0%)     0/4(  0%)      0/4(  0%)       0/4(  0%)
06:      0/24(  0%)     0/4(  0%)      0/4(  0%)       0/4(  0%)
07:      0/24(  0%)     0/4(  0%)      0/4(  0%)       0/4(  0%)
08:      0/24(  0%)     0/4(  0%)      0/4(  0%)       0/4(  0%)
09:      0/24(  0%)     0/4(  0%)      0/4(  0%)       0/4(  0%)
10:      0/24(  0%)     0/4(  0%)      0/4(  0%)       0/4(  0%)
11:      0/24(  0%)     0/4(  0%)      0/4(  0%)       0/4(  0%)
12:      0/24(  0%)     0/4(  0%)      0/4(  0%)       0/4(  0%)
13:      0/24(  0%)     0/4(  0%)      0/4(  0%)       0/4(  0%)
14:      0/24(  0%)     0/4(  0%)      0/4(  0%)       0/4(  0%)
15:      0/24(  0%)     0/4(  0%)      0/4(  0%)       0/4(  0%)
16:      0/24(  0%)     0/4(  0%)      0/4(  0%)       0/4(  0%)
17:      0/24(  0%)     0/4(  0%)      0/4(  0%)       0/4(  0%)
18:      0/24(  0%)     0/4(  0%)      0/4(  0%)       0/4(  0%)
19:      0/24(  0%)     0/4(  0%)      0/4(  0%)       0/4(  0%)
20:      0/24(  0%)     0/4(  0%)      0/4(  0%)       0/4(  0%)
21:      0/24(  0%)     0/4(  0%)      0/4(  0%)       0/4(  0%)
22:      0/24(  0%)     0/4(  0%)      0/4(  0%)       0/4(  0%)
23:      0/24(  0%)     0/4(  0%)      0/4(  0%)       0/4(  0%)
24:      0/24(  0%)     0/4(  0%)      0/4(  0%)       0/4(  0%)
EA:      0/24(  0%)     0/4(  0%)      0/4(  0%)       0/4(  0%)


Device-Specific Information:      d:\dor & dan\everything 3\everything\rx2.rpt
rx2

** CLOCK SIGNALS **

Type     Fan-out       Name
INPUT       26         clk
INPUT       11         si


Device-Specific Information:      d:\dor & dan\everything 3\everything\rx2.rpt
rx2

** CLEAR SIGNALS **

Type     Fan-out       Name
LCELL       27         :2071


Device-Specific Information:      d:\dor & dan\everything 3\everything\rx2.rpt
rx2

** EQUATIONS **

clk      : INPUT;
si       : INPUT;

-- Node name is ':36' = 'buf0' 
-- Equation name is 'buf0', location is LC6_C15, type is buried.
buf0     = DFFE( _EQ001, GLOBAL( clk), !_LC1_C24,  VCC,  VCC);
  _EQ001 =  buf0 & !_LC8_C15
         #  buf0 &  _LC7_C15
         # !_LC7_C15 &  _LC8_C15 &  si;

-- Node name is ':35' = 'buf1' 
-- Equation name is 'buf1', location is LC3_C20, type is buried.
buf1     = DFFE( _EQ002, GLOBAL( clk), !_LC1_C24,  VCC,  VCC);
  _EQ002 =  buf1 & !_LC2_C20
         #  buf1 & !_LC4_C15
         #  _LC2_C20 &  _LC4_C15 &  si;

-- Node name is ':34' = 'buf2' 
-- Equation name is 'buf2', location is LC8_C20, type is buried.
buf2     = DFFE( _EQ003, GLOBAL( clk), !_LC1_C24,  VCC,  VCC);
  _EQ003 =  buf2 &  _LC4_C20
         # !_LC4_C20 &  si;

-- Node name is ':33' = 'buf3' 
-- Equation name is 'buf3', location is LC4_C16, type is buried.
buf3     = DFFE( _EQ004, GLOBAL( clk), !_LC1_C24,  VCC,  VCC);
  _EQ004 =  _LC3_C16 &  _LC7_C20 &  si
         #  buf3 & !_LC3_C16
         #  buf3 & !_LC7_C20;

-- Node name is ':32' = 'buf4' 
-- Equation name is 'buf4', location is LC5_C19, type is buried.
buf4     = DFFE( _EQ005, GLOBAL( clk), !_LC1_C24,  VCC,  VCC);
  _EQ005 =  buf4 &  _LC4_C19
         # !_LC4_C19 &  si;

-- Node name is ':31' = 'buf5' 
-- Equation name is 'buf5', location is LC8_C16, type is buried.
buf5     = DFFE( _EQ006, GLOBAL( clk), !_LC1_C24,  VCC,  VCC);
  _EQ006 =  buf5 &  _LC7_C16
         # !_LC7_C16 &  si;

-- Node name is ':30' = 'buf6' 
-- Equation name is 'buf6', location is LC8_C19, type is buried.
buf6     = DFFE( _EQ007, GLOBAL( clk), !_LC1_C24,  VCC,  VCC);
  _EQ007 =  buf6 &  _LC7_C19
         # !_LC7_C19 &  si;

-- Node name is ':29' = 'buf7' 
-- Equation name is 'buf7', location is LC7_C18, type is buried.
buf7     = DFFE( _EQ008, GLOBAL( clk), !_LC1_C24,  VCC,  VCC);
  _EQ008 =  _LC6_C18 &  _LC6_C19 &  si
         #  buf7 & !_LC6_C18
         #  buf7 & !_LC6_C19;

-- Node name is ':28' = 'cnt0' 
-- Equation name is 'cnt0', location is LC5_C13, type is buried.
cnt0     = DFFE( _EQ009, GLOBAL( clk), !_LC1_C24,  VCC,  VCC);
  _EQ009 = !cnt0 &  _LC5_C15
         #  cnt0 & !start;

-- Node name is ':27' = 'cnt1' 
-- Equation name is 'cnt1', location is LC6_C13, type is buried.
cnt1     = DFFE( _EQ010, GLOBAL( clk), !_LC1_C24,  VCC,  VCC);
  _EQ010 =  cnt0 & !cnt1 &  _LC5_C15
         # !cnt0 &  cnt1 &  _LC5_C15
         #  cnt1 & !start;

-- Node name is ':26' = 'cnt2' 
-- Equation name is 'cnt2', location is LC1_C13, type is buried.
cnt2     = DFFE( _EQ011, GLOBAL( clk), !_LC1_C24,  VCC,  VCC);
  _EQ011 =  cnt2 & !_LC3_C13 &  _LC5_C15
         # !cnt2 &  _LC3_C13 &  _LC5_C15
         #  cnt2 & !start;

-- Node name is ':25' = 'cnt3' 
-- Equation name is 'cnt3', location is LC8_C13, type is buried.
cnt3     = DFFE( _EQ012, GLOBAL( clk), !_LC1_C24,  VCC,  VCC);
  _EQ012 =  cnt3 &  _LC5_C15 & !_LC7_C13
         # !cnt3 &  _LC5_C15 &  _LC7_C13
         #  cnt3 & !start;

-- Node name is ':24' = 'cnt4' 
-- Equation name is 'cnt4', location is LC5_C18, type is buried.
cnt4     = DFFE( _EQ013, GLOBAL( clk), !_LC1_C24,  VCC,  VCC);
  _EQ013 =  cnt4 & !_LC4_C13 &  _LC5_C15
         # !cnt4 &  _LC4_C13 &  _LC5_C15
         #  cnt4 & !start;

-- Node name is ':23' = 'cnt5' 
-- Equation name is 'cnt5', location is LC2_C16, type is buried.
cnt5     = DFFE( _EQ014, GLOBAL( clk), !_LC1_C24,  VCC,  VCC);
  _EQ014 =  cnt5 & !_LC1_C18 &  _LC5_C15
         # !cnt5 &  _LC1_C18 &  _LC5_C15
         #  cnt5 & !start;

-- Node name is ':22' = 'cnt6' 
-- Equation name is 'cnt6', location is LC2_C15, type is buried.
cnt6     = DFFE( _EQ015, GLOBAL( clk), !_LC1_C24,  VCC,  VCC);
  _EQ015 =  cnt6 & !_LC3_C23 &  _LC5_C15
         # !cnt6 &  _LC3_C23 &  _LC5_C15
         #  cnt6 & !start;

-- Node name is ':21' = 'cnt7' 
-- Equation name is 'cnt7', location is LC2_C18, type is buried.
cnt7     = DFFE( _EQ016, GLOBAL( clk), !_LC1_C24,  VCC,  VCC);
  _EQ016 =  cnt7 & !_LC1_C23 &  _LC5_C15
         # !cnt7 &  _LC1_C23 &  _LC5_C15
         #  cnt7 & !start;

-- Node name is ':20' = 'start' 
-- Equation name is 'start', location is LC2_C24, type is buried.
start    = DFFE( VCC, GLOBAL(!si), !_LC1_C24,  VCC,  VCC);

-- Node name is ':37' = 'start_bit' 
-- Equation name is 'start_bit', location is LC5_C14, type is buried.
start_bit = DFFE( _EQ017, GLOBAL( clk),  VCC,  VCC, !_LC1_C24);
  _EQ017 =  _LC3_C15 &  start_bit
         # !_LC3_C15 &  si;

-- Node name is '~20~1' = 'start~1' 
-- Equation name is '~20~1', location is LC4_C15, type is buried.
-- synthesized logic cell 
!_LC4_C15 = _LC4_C15~NOT;
_LC4_C15~NOT = LCELL( _EQ018);
  _EQ018 =  _LC7_C15
         # !cnt5 & !cnt6 &  _LC3_C18;

-- Node name is '~20~2' = 'start~2' 
-- Equation name is '~20~2', location is LC7_C20, type is buried.
-- synthesized logic cell 
!_LC7_C20 = _LC7_C20~NOT;
_LC7_C20~NOT = LCELL( _EQ019);
  _EQ019 = !_LC4_C15
         # !_LC1_C15 &  _LC8_C18
         # !_LC1_C15 &  _LC3_C18;

-- Node name is '~20~3' = 'start~3' 
-- Equation name is '~20~3', location is LC6_C19, type is buried.
-- synthesized logic cell 
!_LC6_C19 = _LC6_C19~NOT;
_LC6_C19~NOT = LCELL( _EQ020);
  _EQ020 = !_LC7_C20
         #  _LC1_C20
         #  _LC2_C19;

-- Node name is '~20~4' = 'start~4' 
-- Equation name is '~20~4', location is LC1_C14, type is buried.
-- synthesized logic cell 
!_LC1_C14 = _LC1_C14~NOT;
_LC1_C14~NOT = LCELL( _EQ021);
  _EQ021 = !_LC6_C19
         # !cnt4 &  _LC2_C13 &  _LC2_C23;

-- Node name is ':38' = 'stop_bit' 
-- Equation name is 'stop_bit', location is LC3_C14, type is buried.
stop_bit = DFFE( _EQ022, GLOBAL( clk),  VCC,  VCC, !_LC1_C24);
  _EQ022 = !_LC2_C14 &  si
         #  _LC2_C14 &  stop_bit;

-- Node name is 'y0' 
-- Equation name is 'y0', type is output 
y0       =  _LC6_C16;

-- Node name is 'y1' 
-- Equation name is 'y1', type is output 
y1       =  _LC6_C20;

-- Node name is 'y2' 
-- Equation name is 'y2', type is output 
y2       =  _LC5_C20;

-- Node name is 'y3' 
-- Equation name is 'y3', type is output 
y3       =  _LC5_C16;

-- Node name is 'y4' 
-- Equation name is 'y4', type is output 
y4       =  _LC3_C19;

-- Node name is 'y5' 
-- Equation name is 'y5', type is output 
y5       =  _LC1_C16;

-- Node name is 'y6' 
-- Equation name is 'y6', type is output 
y6       =  _LC1_C19;

-- Node name is 'y7' 
-- Equation name is 'y7', type is output 
y7       =  _LC4_C18;

-- Node name is '|LPM_ADD_SUB:377|addcore:adder|:75' from file "addcore.tdf" line 312, column 64
-- Equation name is '_LC3_C13', type is buried 
_LC3_C13 = LCELL( _EQ023);
  _EQ023 =  cnt0 &  cnt1;

-- Node name is '|LPM_ADD_SUB:377|addcore:adder|:79' from file "addcore.tdf" line 312, column 64
-- Equation name is '_LC7_C13', type is buried 
_LC7_C13 = LCELL( _EQ024);
  _EQ024 =  cnt0 &  cnt1 &  cnt2;

-- Node name is '|LPM_ADD_SUB:377|addcore:adder|:83' from file "addcore.tdf" line 312, column 64
-- Equation name is '_LC4_C13', type is buried 
_LC4_C13 = LCELL( _EQ025);
  _EQ025 =  cnt0 &  cnt1 &  cnt2 &  cnt3;

-- Node name is '|LPM_ADD_SUB:377|addcore:adder|:87' from file "addcore.tdf" line 312, column 64
-- Equation name is '_LC1_C18', type is buried 
_LC1_C18 = LCELL( _EQ026);
  _EQ026 =  cnt4 &  _LC4_C13;

-- Node name is '|LPM_ADD_SUB:377|addcore:adder|:91' from file "addcore.tdf" line 312, column 64
-- Equation name is '_LC3_C23', type is buried 
_LC3_C23 = LCELL( _EQ027);
  _EQ027 =  cnt5 &  _LC1_C18;

-- Node name is '|LPM_ADD_SUB:377|addcore:adder|:95' from file "addcore.tdf" line 312, column 64
-- Equation name is '_LC1_C23', type is buried 
_LC1_C23 = LCELL( _EQ028);
  _EQ028 =  cnt6 &  _LC3_C23;

-- Node name is ':3' 
-- Equation name is '_LC4_C18', type is buried 
_LC4_C18 = DFFE( _EQ029, GLOBAL( clk),  VCC,  VCC, !_LC1_C24);
  _EQ029 =  buf7 & !_LC4_C14
         #  _LC4_C14 &  _LC4_C18;

-- Node name is ':5' 
-- Equation name is '_LC1_C19', type is buried 
_LC1_C19 = DFFE( _EQ030, GLOBAL( clk),  VCC,  VCC, !_LC1_C24);
  _EQ030 =  buf6 & !_LC4_C14
         #  _LC1_C19 &  _LC4_C14;

-- Node name is ':7' 
-- Equation name is '_LC1_C16', type is buried 
_LC1_C16 = DFFE( _EQ031, GLOBAL( clk),  VCC,  VCC, !_LC1_C24);
  _EQ031 =  buf5 & !_LC4_C14
         #  _LC1_C16 &  _LC4_C14;

-- Node name is ':9' 
-- Equation name is '_LC3_C19', type is buried 
_LC3_C19 = DFFE( _EQ032, GLOBAL( clk),  VCC,  VCC, !_LC1_C24);
  _EQ032 =  buf4 & !_LC4_C14
         #  _LC3_C19 &  _LC4_C14;

-- Node name is ':11' 
-- Equation name is '_LC5_C16', type is buried 
_LC5_C16 = DFFE( _EQ033, GLOBAL( clk),  VCC,  VCC, !_LC1_C24);
  _EQ033 =  buf3 & !_LC4_C14
         #  _LC4_C14 &  _LC5_C16;

-- Node name is ':13' 
-- Equation name is '_LC5_C20', type is buried 
_LC5_C20 = DFFE( _EQ034, GLOBAL( clk),  VCC,  VCC, !_LC1_C24);
  _EQ034 =  buf2 & !_LC4_C14
         #  _LC4_C14 &  _LC5_C20;

-- Node name is ':15' 
-- Equation name is '_LC6_C20', type is buried 
_LC6_C20 = DFFE( _EQ035, GLOBAL( clk),  VCC,  VCC, !_LC1_C24);
  _EQ035 =  buf1 & !_LC4_C14
         #  _LC4_C14 &  _LC6_C20;

-- Node name is ':17' 
-- Equation name is '_LC6_C16', type is buried 
_LC6_C16 = DFFE( _EQ036, GLOBAL( clk),  VCC,  VCC, !_LC1_C24);
  _EQ036 =  buf0 & !_LC4_C14
         #  _LC4_C14 &  _LC6_C16;

-- Node name is '~497~1' 
-- Equation name is '~497~1', location is LC2_C13, type is buried.
-- synthesized logic cell 
_LC2_C13 = LCELL( _EQ037);
  _EQ037 = !cnt0 & !cnt1 & !cnt2 &  cnt3;

-- Node name is '~497~2' 
-- Equation name is '~497~2', location is LC3_C18, type is buried.
-- synthesized logic cell 
_LC3_C18 = LCELL( _EQ038);
  _EQ038 =  cnt4 & !cnt7 &  _LC2_C13;

-- Node name is ':497' 
-- Equation name is '_LC8_C15', type is buried 
_LC8_C15 = LCELL( _EQ039);
  _EQ039 = !cnt5 & !cnt6 &  _LC3_C18;

-- Node name is '~514~1' 
-- Equation name is '~514~1', location is LC8_C18, type is buried.
-- synthesized logic cell 
_LC8_C18 = LCELL( _EQ040);
  _EQ040 = !cnt4 & !cnt7 &  _LC2_C13;

-- Node name is ':514' 
-- Equation name is '_LC2_C20', type is buried 
_LC2_C20 = LCELL( _EQ041);
  _EQ041 = !_LC1_C15 &  _LC8_C18;

-- Node name is ':548' 
-- Equation name is '_LC3_C16', type is buried 
!_LC3_C16 = _LC3_C16~NOT;
_LC3_C16~NOT = LCELL( _EQ042);
  _EQ042 =  cnt5
         # !_LC1_C20;

-- Node name is '~565~1' 
-- Equation name is '~565~1', location is LC2_C19, type is buried.
-- synthesized logic cell 
_LC2_C19 = LCELL( _EQ043);
  _EQ043 =  cnt6 &  _LC3_C18;

-- Node name is '~582~1' 
-- Equation name is '~582~1', location is LC1_C20, type is buried.
-- synthesized logic cell 
_LC1_C20 = LCELL( _EQ044);
  _EQ044 =  cnt6 &  _LC8_C18;

-- Node name is ':616' 
-- Equation name is '_LC6_C18', type is buried 
!_LC6_C18 = _LC6_C18~NOT;
_LC6_C18~NOT = LCELL( _EQ045);
  _EQ045 = !_LC2_C23
         # !_LC2_C13
         #  cnt4;

-- Node name is '~633~1' 
-- Equation name is '~633~1', location is LC2_C23, type is buried.
-- synthesized logic cell 
!_LC2_C23 = _LC2_C23~NOT;
_LC2_C23~NOT = LCELL( _EQ046);
  _EQ046 = !cnt7
         #  cnt5
         #  cnt6;

-- Node name is ':633' 
-- Equation name is '_LC6_C14', type is buried 
_LC6_C14 = LCELL( _EQ047);
  _EQ047 =  cnt4 &  _LC2_C13 &  _LC2_C23;

-- Node name is '~1824~1' 
-- Equation name is '~1824~1', location is LC5_C15, type is buried.
-- synthesized logic cell 
_LC5_C15 = LCELL( _EQ048);
  _EQ048 = !cnt7 &  start
         # !cnt5 & !cnt6 &  start;

-- Node name is '~1913~1' 
-- Equation name is '~1913~1', location is LC7_C14, type is buried.
-- synthesized logic cell 
_LC7_C14 = LCELL( _EQ049);
  _EQ049 = !stop_bit
         #  start_bit
         # !cnt1
         # !cnt2;

-- Node name is '~1913~2' 
-- Equation name is '~1913~2', location is LC8_C14, type is buried.
-- synthesized logic cell 
_LC8_C14 = LCELL( _EQ050);
  _EQ050 =  _LC7_C14
         # !cnt3
         #  cnt0
         # !cnt4;

-- Node name is '~1913~3' 
-- Equation name is '~1913~3', location is LC4_C14, type is buried.
-- synthesized logic cell 
_LC4_C14 = LCELL( _EQ051);
  _EQ051 =  _LC6_C14
         # !_LC1_C14
         #  _LC8_C14
         # !_LC2_C23;

-- Node name is '~1919~1' 
-- Equation name is '~1919~1', location is LC2_C14, type is buried.
-- synthesized logic cell 
_LC2_C14 = LCELL( _EQ052);
  _EQ052 = !_LC1_C14
         # !cnt4
         # !_LC2_C23
         # !_LC2_C13;

-- Node name is '~1931~1' 
-- Equation name is '~1931~1', location is LC7_C19, type is buried.
-- synthesized logic cell 
!_LC7_C19 = _LC7_C19~NOT;
_LC7_C19~NOT = LCELL( _EQ053);
  _EQ053 =  cnt5 & !_LC1_C20 &  _LC2_C19 &  _LC7_C20;

-- Node name is '~1937~1' 
-- Equation name is '~1937~1', location is LC7_C16, type is buried.
-- synthesized logic cell 
!_LC7_C16 = _LC7_C16~NOT;
_LC7_C16~NOT = LCELL( _EQ054);
  _EQ054 =  cnt5 &  _LC1_C20 &  _LC7_C20;

-- Node name is '~1943~1' 
-- Equation name is '~1943~1', location is LC4_C19, type is buried.
-- synthesized logic cell 
!_LC4_C19 = _LC4_C19~NOT;
_LC4_C19~NOT = LCELL( _EQ055);
  _EQ055 = !cnt5 & !_LC1_C20 &  _LC2_C19 &  _LC7_C20;

-- Node name is '~1955~1' 
-- Equation name is '~1955~1', location is LC4_C20, type is buried.
-- synthesized logic cell 
!_LC4_C20 = _LC4_C20~NOT;
_LC4_C20~NOT = LCELL( _EQ056);
  _EQ056 = !_LC1_C15 &  _LC3_C18 &  _LC4_C15 & !_LC8_C18;

-- Node name is '~1967~1' 
-- Equation name is '~1967~1', location is LC7_C15, type is buried.
-- synthesized logic cell 
_LC7_C15 = LCELL( _EQ057);
  _EQ057 = !start
         # !cnt5 & !cnt6 &  _LC8_C18;

-- Node name is '~1973~1' 
-- Equation name is '~1973~1', location is LC3_C15, type is buried.
-- synthesized logic cell 
!_LC3_C15 = _LC3_C15~NOT;
_LC3_C15~NOT = LCELL( _EQ058);
  _EQ058 = !cnt5 & !cnt6 &  _LC8_C18 &  start;

-- Node name is '~2071~1' 
-- Equation name is '~2071~1', location is LC1_C15, type is buried.
-- synthesized logic cell 
_LC1_C15 = LCELL( _EQ059);
  _EQ059 = !cnt5
         #  cnt6;

-- Node name is '~2071~2' 
-- Equation name is '~2071~2', location is LC3_C24, type is buried.
-- synthesized logic cell 
_LC3_C24 = LCELL( _EQ060);
  _EQ060 = !cnt7
         #  cnt0
         #  cnt2
         #  cnt1;

-- Node name is ':2071' 
-- Equation name is '_LC1_C24', type is buried 
!_LC1_C24 = _LC1_C24~NOT;
_LC1_C24~NOT = LCELL( _EQ061);
  _EQ061 =  _LC1_C15
         #  _LC3_C24
         #  cnt4
         #  cnt3;



Project Information               d:\dor & dan\everything 3\everything\rx2.rpt

** COMPILATION SETTINGS & TIMES **

Processing Menu Commands
------------------------

Design Doctor                             = off

Logic Synthesis:

   Synthesis Type Used                    = Multi-Level

   Default Synthesis Style                = NORMAL

      Logic option settings in 'NORMAL' style for 'FLEX10K' family

      CARRY_CHAIN                         = ignore
      CARRY_CHAIN_LENGTH                  = 32
      CASCADE_CHAIN                       = ignore
      CASCADE_CHAIN_LENGTH                = 2
      DECOMPOSE_GATES                     = on
      DUPLICATE_LOGIC_EXTRACTION          = on
      MINIMIZATION                        = full
      MULTI_LEVEL_FACTORING               = on
      NOT_GATE_PUSH_BACK                  = on
      REDUCE_LOGIC                        = on
      REFACTORIZATION                     = on
      REGISTER_OPTIMIZATION               = on
      RESYNTHESIZE_NETWORK                = on
      SLOW_SLEW_RATE                      = off
      SUBFACTOR_EXTRACTION                = on
      IGNORE_SOFT_BUFFERS                 = on
      USE_LPM_FOR_AHDL_OPERATORS          = off

   Other logic synthesis settings:

      Automatic Global Clock              = on
      Automatic Global Clear              = on
      Automatic Global Preset             = on
      Automatic Global Output Enable      = on
      Automatic Fast I/O                  = off
      Automatic Register Packing          = off
      Automatic Open-Drain Pins           = on
      Automatic Implement in EAB          = off
      Optimize                            = 5

Default Timing Specifications: None

Cut All Bidir Feedback Timing Paths       = on
Cut All Clear & Preset Timing Paths       = on

Ignore Timing Assignments                 = off

Functional SNF Extractor                  = off

Linked SNF Extractor                      = off
Timing SNF Extractor                      = on
Optimize Timing SNF                       = off
Generate AHDL TDO File                    = off
Fitter Settings                           = NORMAL
Use Quartus Fitter                        = on
Smart Recompile                           = off
Total Recompile                           = off

Interfaces Menu Commands
------------------------

EDIF Netlist Writer                       = off
Verilog Netlist Writer                    = off
VHDL Netlist Writer                       = off

Compilation Times
-----------------

   Compiler Netlist Extractor             00:00:00
   Database Builder                       00:00:00
   Logic Synthesizer                      00:00:00
   Partitioner                            00:00:00
   Fitter                                 00:00:00
   Timing SNF Extractor                   00:00:01
   Assembler                              00:00:00
   --------------------------             --------
   Total Time                             00:00:01


Memory Allocated
-----------------

Peak memory allocated during compilation  = 11,109K
