Project Information               d:\dor & dan\everything 2\everything\rx3.rpt

MAX+plus II Compiler Report File
Version 10.1 06/12/2001
Compiled: 11/12/2017 10:31:11

Copyright (C) 1988-2001 Altera Corporation
Any megafunction design, and related net list (encrypted or decrypted),
support information, device programming or simulation file, and any other
associated documentation or information provided by Altera or a partner
under Altera's Megafunction Partnership Program may be used only to
program PLD devices (but not masked PLD devices) from Altera.  Any other
use of such megafunction design, net list, support information, device
programming or simulation file, or any other related documentation or
information is prohibited for any other purpose, including, but not
limited to modification, reverse engineering, de-compiling, or use with
any other silicon devices, unless such use is explicitly licensed under
a separate agreement with Altera or a megafunction partner.  Title to
the intellectual property, including patents, copyrights, trademarks,
trade secrets, or maskworks, embodied in any such megafunction design,
net list, support information, device programming or simulation file, or
any other related documentation or information provided by Altera or a
megafunction partner, remains with Altera, the megafunction partner, or
their respective licensors.  No other licenses, including any licenses
needed under any third party's intellectual property, are provided herein.



***** Project compilation was successful


RX3


** DEVICE SUMMARY **

Chip/                     Input Output Bidir  Memory  Memory  			 LCs
POF       Device          Pins  Pins   Pins   Bits % Utilized  LCs  % Utilized

rx3       EPF10K10LC84-3   2      8      0    0         0  %    69       11 %

User Pins:                 2      8      0  



Project Information               d:\dor & dan\everything 2\everything\rx3.rpt

** FILE HIERARCHY **



|lpm_add_sub:399|
|lpm_add_sub:399|addcore:adder|
|lpm_add_sub:399|altshift:result_ext_latency_ffs|
|lpm_add_sub:399|altshift:carry_ext_latency_ffs|
|lpm_add_sub:399|altshift:oflow_ext_latency_ffs|


Device-Specific Information:      d:\dor & dan\everything 2\everything\rx3.rpt
rx3

***** Logic for device 'rx3' compiled without errors.




Device: EPF10K10LC84-3

FLEX 10K Configuration Scheme: Passive Serial

Device Options:
    User-Supplied Start-Up Clock               = OFF
    Auto-Restart Configuration on Frame Error  = OFF
    Release Clears Before Tri-States           = OFF
    Enable Chip_Wide Reset                     = OFF
    Enable Chip-Wide Output Enable             = OFF
    Enable INIT_DONE Output                    = OFF
    JTAG User Code                             = 7f

                                                                         ^     
                                                                         C     
                R  R  R  R  R  R  R     R           R     R  R  R  R     O     
                E  E  E  E  E  E  E     E           E     E  E  E  E     N     
                S  S  S  S  S  S  S  V  S  G     G  S  G  S  S  S  S     F     
                E  E  E  E  E  E  E  C  E  N     N  E  N  E  E  E  E     _  ^  
                R  R  R  R  R  R  R  C  R  D     D  R  D  R  R  R  R  #  D  n  
                V  V  V  V  V  V  V  I  V  I  s  I  V  I  V  V  V  V  T  O  C  
                E  E  E  E  E  E  E  N  E  N  i  N  E  N  E  E  E  E  C  N  E  
                D  D  D  D  D  D  D  T  D  T  n  T  D  T  D  D  D  D  K  E  O  
              -----------------------------------------------------------------_ 
            /  11 10  9  8  7  6  5  4  3  2  1 84 83 82 81 80 79 78 77 76 75   | 
    ^DATA0 | 12                                                              74 | #TDO 
     ^DCLK | 13                                                              73 | RESERVED 
      ^nCE | 14                                                              72 | Pout5 
      #TDI | 15                                                              71 | Pout6 
     Pout0 | 16                                                              70 | Pout4 
     Pout7 | 17                                                              69 | Pout3 
     Pout2 | 18                                                              68 | GNDINT 
     Pout1 | 19                                                              67 | RESERVED 
    VCCINT | 20                                                              66 | RESERVED 
  RESERVED | 21                                                              65 | RESERVED 
  RESERVED | 22                        EPF10K10LC84-3                        64 | RESERVED 
  RESERVED | 23                                                              63 | VCCINT 
  RESERVED | 24                                                              62 | RESERVED 
  RESERVED | 25                                                              61 | RESERVED 
    GNDINT | 26                                                              60 | RESERVED 
  RESERVED | 27                                                              59 | RESERVED 
  RESERVED | 28                                                              58 | RESERVED 
  RESERVED | 29                                                              57 | #TMS 
  RESERVED | 30                                                              56 | #TRST 
    ^MSEL0 | 31                                                              55 | ^nSTATUS 
    ^MSEL1 | 32                                                              54 | RESERVED 
           |_  33 34 35 36 37 38 39 40 41 42 43 44 45 46 47 48 49 50 51 52 53  _| 
             ------------------------------------------------------------------ 
                V  ^  R  R  R  R  R  V  G  G  c  G  V  G  R  R  R  R  R  R  R  
                C  n  E  E  E  E  E  C  N  N  l  N  C  N  E  E  E  E  E  E  E  
                C  C  S  S  S  S  S  C  D  D  k  D  C  D  S  S  S  S  S  S  S  
                I  O  E  E  E  E  E  I  I  I     I  I  I  E  E  E  E  E  E  E  
                N  N  R  R  R  R  R  N  N  N     N  N  N  R  R  R  R  R  R  R  
                T  F  V  V  V  V  V  T  T  T     T  T  T  V  V  V  V  V  V  V  
                   I  E  E  E  E  E                       E  E  E  E  E  E  E  
                   G  D  D  D  D  D                       D  D  D  D  D  D  D  
                                                                               
                                                                               


N.C. = No Connect. This pin has no internal connection to the device.
VCCINT = Dedicated power pin, which MUST be connected to VCC (5.0 volts).
VCCIO = Dedicated power pin, which MUST be connected to VCC (5.0 volts).
GNDINT = Dedicated ground pin or unused dedicated input, which MUST be connected to GND.
GNDIO = Dedicated ground pin, which MUST be connected to GND.
RESERVED = Unused I/O pin, which MUST be left unconnected.

^ = Dedicated configuration pin.
+ = Reserved configuration pin, which is tri-stated during user mode.
* = Reserved configuration pin, which drives out in user mode.
PDn = Power Down pin. 
@ = Special-purpose pin. 
# = JTAG Boundary-Scan Testing/In-System Programming or Configuration Pin. The JTAG inputs TMS and TDI should be tied to VCC and TCK should be tied to GND when not in use.
& = JTAG pin used for I/O. When used as user I/O, JTAG pins must be kept stable before and during configuration.  JTAG pin stability prevents accidental loading of JTAG instructions.


Device-Specific Information:      d:\dor & dan\everything 2\everything\rx3.rpt
rx3

** RESOURCE USAGE **

Logic                Column       Row                                   
Array                Interconnect Interconnect         Clears/     External  
Block   Logic Cells  Driven       Driven       Clocks  Presets   Interconnect
A1       8/ 8(100%)   0/ 8(  0%)   3/ 8( 37%)    1/2    0/2       9/22( 40%)   
A3       8/ 8(100%)   0/ 8(  0%)   3/ 8( 37%)    1/2    0/2      11/22( 50%)   
A4       8/ 8(100%)   0/ 8(  0%)   4/ 8( 50%)    1/2    0/2      10/22( 45%)   
A6       8/ 8(100%)   0/ 8(  0%)   3/ 8( 37%)    1/2    0/2      10/22( 45%)   
A7       8/ 8(100%)   0/ 8(  0%)   5/ 8( 62%)    1/2    1/2       4/22( 18%)   
A8       8/ 8(100%)   0/ 8(  0%)   3/ 8( 37%)    1/2    0/2      10/22( 45%)   
A10      5/ 8( 62%)   0/ 8(  0%)   4/ 8( 50%)    1/2    1/2       6/22( 27%)   
A11      8/ 8(100%)   0/ 8(  0%)   4/ 8( 50%)    1/2    0/2      11/22( 50%)   
A12      8/ 8(100%)   0/ 8(  0%)   4/ 8( 50%)    1/2    1/2       4/22( 18%)   


Embedded             Column       Row                                   
Array     Embedded   Interconnect Interconnect         Read/      External  
Block     Cells      Driven       Driven       Clocks  Write    Interconnect


Total dedicated input pins used:                 2/6      ( 33%)
Total I/O pins used:                             8/53     ( 15%)
Total logic cells used:                         69/576    ( 11%)
Total embedded cells used:                       0/24     (  0%)
Total EABs used:                                 0/3      (  0%)
Average fan-in:                                 3.55/4    ( 88%)
Total fan-in:                                 245/2304    ( 10%)

Total input pins required:                       2
Total input I/O cell registers required:         0
Total output pins required:                      8
Total output I/O cell registers required:        0
Total buried I/O cell registers required:        0
Total bidirectional pins required:               0
Total reserved pins required                     0
Total logic cells required:                     69
Total flipflops required:                       27
Total packed registers required:                 0
Total logic cells in carry chains:               0
Total number of carry chains:                    0
Total logic cells in cascade chains:             0
Total number of cascade chains:                  0
Total single-pin Clock Enables required:         0
Total single-pin Output Enables required:        0

Synthesized logic cells:                        25/ 576   (  4%)

Logic Cell and Embedded Cell Counts

Column:  01  02  03  04  05  06  07  08  09  10  11  12  EA  13  14  15  16  17  18  19  20  21  22  23  24  Total(LC/EC)
 A:      8   0   8   8   0   8   8   8   0   5   8   8   0   0   0   0   0   0   0   0   0   0   0   0   0     69/0  
 B:      0   0   0   0   0   0   0   0   0   0   0   0   0   0   0   0   0   0   0   0   0   0   0   0   0      0/0  
 C:      0   0   0   0   0   0   0   0   0   0   0   0   0   0   0   0   0   0   0   0   0   0   0   0   0      0/0  

Total:   8   0   8   8   0   8   8   8   0   5   8   8   0   0   0   0   0   0   0   0   0   0   0   0   0     69/0  



Device-Specific Information:      d:\dor & dan\everything 2\everything\rx3.rpt
rx3

** INPUTS **

                                                    Fan-In    Fan-Out
 Pin     LC     EC   Row  Col  Primitive    Code      INP  FBK  OUT  FBK  Name
  43      -     -    -    --      INPUT  G             0    0    0    0  clk
   1      -     -    -    --      INPUT  G             0    0    0   10  sin


Code:

s = Synthesized pin or logic cell
+ = Synchronous flipflop
/ = Slow slew-rate output
! = NOT gate push-back
r = Fitter-inserted logic cell
@ = Uses single-pin Clock Enable
& = Uses single-pin Output Enable
G = Global Source. Fan-out destinations counted here do not include destinations
that are driven using global routing resources. Refer to the Auto Global Signals,
Clock Signals, Clear Signals, Synchronous Load Signals, and Synchronous Clear Signals
Sections of this Report File for information on which signals' fan-outs are used as
Clock, Clear, Preset, Output Enable, and synchronous Load signals.


Device-Specific Information:      d:\dor & dan\everything 2\everything\rx3.rpt
rx3

** OUTPUTS **

       Fed By Fed By                                Fan-In    Fan-Out
 Pin     LC     EC   Row  Col  Primitive    Code      INP  FBK  OUT  FBK  Name
  16      -     -    A    --     OUTPUT                0    1    0    0  Pout0
  19      -     -    A    --     OUTPUT                0    1    0    0  Pout1
  18      -     -    A    --     OUTPUT                0    1    0    0  Pout2
  69      -     -    A    --     OUTPUT                0    1    0    0  Pout3
  70      -     -    A    --     OUTPUT                0    1    0    0  Pout4
  72      -     -    A    --     OUTPUT                0    1    0    0  Pout5
  71      -     -    A    --     OUTPUT                0    1    0    0  Pout6
  17      -     -    A    --     OUTPUT                0    1    0    0  Pout7


Code:

s = Synthesized pin or logic cell
+ = Synchronous flipflop
/ = Slow slew-rate output
! = NOT gate push-back
r = Fitter-inserted logic cell
@ = Uses single-pin Clock Enable
& = Uses single-pin Output Enable


Device-Specific Information:      d:\dor & dan\everything 2\everything\rx3.rpt
rx3

** BURIED LOGIC **

                                                    Fan-In    Fan-Out
 IOC     LC     EC   Row  Col  Primitive    Code      INP  FBK  OUT  FBK  Name
   -      4     -    A    12       AND2                0    2    0    1  |LPM_ADD_SUB:399|addcore:adder|:75
   -      7     -    A    12       AND2                0    3    0    1  |LPM_ADD_SUB:399|addcore:adder|:79
   -      1     -    A    12       AND2                0    4    0    2  |LPM_ADD_SUB:399|addcore:adder|:83
   -      3     -    A    07       AND2                0    2    0    2  |LPM_ADD_SUB:399|addcore:adder|:87
   -      5     -    A    07       AND2                0    2    0    2  |LPM_ADD_SUB:399|addcore:adder|:91
   -      7     -    A    07       AND2                0    2    0    1  |LPM_ADD_SUB:399|addcore:adder|:95
   -      3     -    A    01       DFFE   +            0    3    1    0  :3
   -      4     -    A    03       DFFE   +            0    3    1    0  :5
   -      3     -    A    11       DFFE   +            0    3    1    0  :7
   -      8     -    A    08       DFFE   +            0    3    1    0  :9
   -      8     -    A    11       DFFE   +            0    3    1    0  :11
   -      5     -    A    11       DFFE   +            0    3    1    0  :13
   -      7     -    A    06       DFFE   +            0    3    1    0  :15
   -      1     -    A    01       DFFE   +            0    3    1    0  :17
   -      2     -    A    10       DFFE   +            0    1    0   13  start_bit (:20)
   -      1     -    A    07       DFFE   +            0    4    0    6  cnt7 (:21)
   -      8     -    A    07       DFFE   +            0    4    0   15  cnt6 (:22)
   -      2     -    A    07       DFFE   +            0    4    0   15  cnt5 (:23)
   -      6     -    A    07       DFFE   +            0    4    0    7  cnt4 (:24)
   -      2     -    A    12       DFFE   +            0    4    0    6  cnt3 (:25)
   -      5     -    A    12       DFFE   +            0    4    0    4  cnt2 (:26)
   -      6     -    A    12       DFFE   +            0    4    0    5  cnt1 (:27)
   -      4     -    A    07       DFFE   +            0    3    0    6  cnt0 (:28)
   -      5     -    A    04       DFFE   +            1    2    0    8  stack9 (:29)
   -      6     -    A    01       DFFE   +            1    2    0    1  stack8 (:30)
   -      5     -    A    03       DFFE   +            1    2    0    1  stack7 (:31)
   -      6     -    A    03       DFFE   +            1    2    0    1  stack6 (:32)
   -      6     -    A    08       DFFE   +            1    2    0    1  stack5 (:33)
   -      5     -    A    08       DFFE   +            1    2    0    1  stack4 (:34)
   -      5     -    A    06       DFFE   +            1    2    0    1  stack3 (:35)
   -      3     -    A    06       DFFE   +            1    2    0    1  stack2 (:36)
   -      4     -    A    04       DFFE   +            1    2    0    1  stack1 (:37)
   -      2     -    A    01       DFFE   +            1    2    0    8  stack0 (:38)
   -      1     -    A    10       AND2                0    2    0    6  :331
   -      1     -    A    03        OR2    s   !       0    4    0    2  ~502~1
   -      8     -    A    03        OR2    s   !       0    4    0    2  ~502~2
   -      1     -    A    08        OR2    s   !       0    4    0    2  ~502~3
   -      4     -    A    08        OR2    s   !       0    4    0    2  ~502~4
   -      1     -    A    06        OR2    s   !       0    4    0    2  ~502~5
   -      4     -    A    06        OR2    s   !       0    4    0    3  ~502~6
   -      8     -    A    04       AND2    s           0    4    0    8  ~519~1
   -      6     -    A    04       AND2    s           0    4    0    9  ~536~1
   -      1     -    A    04       AND2                0    3    0    2  :621
   -      2     -    A    04        OR2    s   !       0    4    0    2  ~638~1
   -      8     -    A    12        OR2    s   !       0    3    0    4  ~655~1
   -      2     -    A    11        OR2    s   !       0    2    0    1  ~655~2
   -      8     -    A    01        OR2                0    3    0    1  :1790
   -      7     -    A    03        OR2                0    3    0    1  :1796
   -      7     -    A    11        OR2                0    3    0    1  :1802
   -      7     -    A    08        OR2                0    3    0    1  :1808
   -      6     -    A    11        OR2                0    3    0    1  :1814
   -      4     -    A    11        OR2                0    3    0    1  :1820
   -      8     -    A    06        OR2                0    3    0    1  :1826
   -      7     -    A    01        OR2                0    3    0    1  :1832
   -      3     -    A    10        OR2    s           0    3    0    8  ~1933~1
   -      7     -    A    04        OR2    s           0    4    0    1  ~1980~1
   -      5     -    A    01       AND2    s   !       0    4    0    1  ~1986~1
   -      3     -    A    03       AND2    s   !       0    4    0    1  ~1992~1
   -      2     -    A    03       AND2    s   !       0    4    0    1  ~1998~1
   -      3     -    A    08        OR2    s           0    4    0    1  ~2004~1
   -      2     -    A    08       AND2    s   !       0    4    0    1  ~2010~1
   -      6     -    A    06       AND2    s   !       0    4    0    1  ~2016~1
   -      2     -    A    06       AND2    s   !       0    4    0    1  ~2022~1
   -      3     -    A    04        OR2    s           0    4    0    1  ~2028~1
   -      4     -    A    01       AND2    s   !       0    3    0    1  ~2034~1
   -      3     -    A    12        OR2    s           0    4    0    1  ~2082~1
   -      1     -    A    11        OR2    s           0    4    0    8  ~2082~2
   -      5     -    A    10        OR2    s           0    3    0    1  ~2190~1
   -      4     -    A    10        OR2        !       0    4    0   27  :2190


Code:

s = Synthesized pin or logic cell
+ = Synchronous flipflop
/ = Slow slew-rate output
! = NOT gate push-back
r = Fitter-inserted logic cell
p = Packed register


Device-Specific Information:      d:\dor & dan\everything 2\everything\rx3.rpt
rx3

** FASTTRACK INTERCONNECT UTILIZATION **

Row FastTrack Interconnect:

          Global         Left Half-      Right Half-
         FastTrack       FastTrack       FastTrack 
Row     Interconnect    Interconnect    Interconnect    Input Pins     Output Pins     Bidir Pins
A:       6/ 96(  6%)    29/ 48( 60%)     0/ 48(  0%)    0/16(  0%)      8/16( 50%)     0/16(  0%)
B:       0/ 96(  0%)     0/ 48(  0%)     0/ 48(  0%)    0/16(  0%)      0/16(  0%)     0/16(  0%)
C:       0/ 96(  0%)     0/ 48(  0%)     0/ 48(  0%)    0/16(  0%)      0/16(  0%)     0/16(  0%)


Column FastTrack Interconnect:

         FastTrack                                 
Column  Interconnect    Input Pins     Output Pins     Bidir Pins
01:      0/24(  0%)     0/4(  0%)      0/4(  0%)       0/4(  0%)
02:      0/24(  0%)     0/4(  0%)      0/4(  0%)       0/4(  0%)
03:      0/24(  0%)     0/4(  0%)      0/4(  0%)       0/4(  0%)
04:      0/24(  0%)     0/4(  0%)      0/4(  0%)       0/4(  0%)
05:      0/24(  0%)     0/4(  0%)      0/4(  0%)       0/4(  0%)
06:      0/24(  0%)     0/4(  0%)      0/4(  0%)       0/4(  0%)
07:      0/24(  0%)     0/4(  0%)      0/4(  0%)       0/4(  0%)
08:      0/24(  0%)     0/4(  0%)      0/4(  0%)       0/4(  0%)
09:      0/24(  0%)     0/4(  0%)      0/4(  0%)       0/4(  0%)
10:      0/24(  0%)     0/4(  0%)      0/4(  0%)       0/4(  0%)
11:      0/24(  0%)     0/4(  0%)      0/4(  0%)       0/4(  0%)
12:      0/24(  0%)     0/4(  0%)      0/4(  0%)       0/4(  0%)
13:      0/24(  0%)     0/4(  0%)      0/4(  0%)       0/4(  0%)
14:      0/24(  0%)     0/4(  0%)      0/4(  0%)       0/4(  0%)
15:      0/24(  0%)     0/4(  0%)      0/4(  0%)       0/4(  0%)
16:      0/24(  0%)     0/4(  0%)      0/4(  0%)       0/4(  0%)
17:      0/24(  0%)     0/4(  0%)      0/4(  0%)       0/4(  0%)
18:      0/24(  0%)     0/4(  0%)      0/4(  0%)       0/4(  0%)
19:      0/24(  0%)     0/4(  0%)      0/4(  0%)       0/4(  0%)
20:      0/24(  0%)     0/4(  0%)      0/4(  0%)       0/4(  0%)
21:      0/24(  0%)     0/4(  0%)      0/4(  0%)       0/4(  0%)
22:      0/24(  0%)     0/4(  0%)      0/4(  0%)       0/4(  0%)
23:      0/24(  0%)     0/4(  0%)      0/4(  0%)       0/4(  0%)
24:      0/24(  0%)     0/4(  0%)      0/4(  0%)       0/4(  0%)
EA:      0/24(  0%)     0/4(  0%)      0/4(  0%)       0/4(  0%)


Device-Specific Information:      d:\dor & dan\everything 2\everything\rx3.rpt
rx3

** CLOCK SIGNALS **

Type     Fan-out       Name
INPUT       26         clk
INPUT       11         sin


Device-Specific Information:      d:\dor & dan\everything 2\everything\rx3.rpt
rx3

** CLEAR SIGNALS **

Type     Fan-out       Name
LCELL       27         :2190


Device-Specific Information:      d:\dor & dan\everything 2\everything\rx3.rpt
rx3

** EQUATIONS **

clk      : INPUT;
sin      : INPUT;

-- Node name is ':28' = 'cnt0' 
-- Equation name is 'cnt0', location is LC4_A7, type is buried.
cnt0     = DFFE( _EQ001, GLOBAL( clk), !_LC4_A10,  VCC,  VCC);
  _EQ001 = !cnt0 &  _LC3_A10
         #  cnt0 & !start_bit;

-- Node name is ':27' = 'cnt1' 
-- Equation name is 'cnt1', location is LC6_A12, type is buried.
cnt1     = DFFE( _EQ002, GLOBAL( clk), !_LC4_A10,  VCC,  VCC);
  _EQ002 =  cnt0 & !cnt1 &  _LC3_A10
         # !cnt0 &  cnt1 &  _LC3_A10
         #  cnt1 & !start_bit;

-- Node name is ':26' = 'cnt2' 
-- Equation name is 'cnt2', location is LC5_A12, type is buried.
cnt2     = DFFE( _EQ003, GLOBAL( clk), !_LC4_A10,  VCC,  VCC);
  _EQ003 =  cnt2 &  _LC3_A10 & !_LC4_A12
         # !cnt2 &  _LC3_A10 &  _LC4_A12
         #  cnt2 & !start_bit;

-- Node name is ':25' = 'cnt3' 
-- Equation name is 'cnt3', location is LC2_A12, type is buried.
cnt3     = DFFE( _EQ004, GLOBAL( clk), !_LC4_A10,  VCC,  VCC);
  _EQ004 =  cnt3 &  _LC3_A10 & !_LC7_A12
         # !cnt3 &  _LC3_A10 &  _LC7_A12
         #  cnt3 & !start_bit;

-- Node name is ':24' = 'cnt4' 
-- Equation name is 'cnt4', location is LC6_A7, type is buried.
cnt4     = DFFE( _EQ005, GLOBAL( clk), !_LC4_A10,  VCC,  VCC);
  _EQ005 =  cnt4 & !_LC1_A12 &  _LC3_A10
         # !cnt4 &  _LC1_A12 &  _LC3_A10
         #  cnt4 & !start_bit;

-- Node name is ':23' = 'cnt5' 
-- Equation name is 'cnt5', location is LC2_A7, type is buried.
cnt5     = DFFE( _EQ006, GLOBAL( clk), !_LC4_A10,  VCC,  VCC);
  _EQ006 =  cnt5 & !_LC3_A7 &  _LC3_A10
         # !cnt5 &  _LC3_A7 &  _LC3_A10
         #  cnt5 & !start_bit;

-- Node name is ':22' = 'cnt6' 
-- Equation name is 'cnt6', location is LC8_A7, type is buried.
cnt6     = DFFE( _EQ007, GLOBAL( clk), !_LC4_A10,  VCC,  VCC);
  _EQ007 =  cnt6 &  _LC3_A10 & !_LC5_A7
         # !cnt6 &  _LC3_A10 &  _LC5_A7
         #  cnt6 & !start_bit;

-- Node name is ':21' = 'cnt7' 
-- Equation name is 'cnt7', location is LC1_A7, type is buried.
cnt7     = DFFE( _EQ008, GLOBAL( clk), !_LC4_A10,  VCC,  VCC);
  _EQ008 =  cnt7 &  _LC3_A10 & !_LC7_A7
         # !cnt7 &  _LC3_A10 &  _LC7_A7
         #  cnt7 & !start_bit;

-- Node name is 'Pout0' 
-- Equation name is 'Pout0', type is output 
Pout0    =  _LC1_A1;

-- Node name is 'Pout1' 
-- Equation name is 'Pout1', type is output 
Pout1    =  _LC7_A6;

-- Node name is 'Pout2' 
-- Equation name is 'Pout2', type is output 
Pout2    =  _LC5_A11;

-- Node name is 'Pout3' 
-- Equation name is 'Pout3', type is output 
Pout3    =  _LC8_A11;

-- Node name is 'Pout4' 
-- Equation name is 'Pout4', type is output 
Pout4    =  _LC8_A8;

-- Node name is 'Pout5' 
-- Equation name is 'Pout5', type is output 
Pout5    =  _LC3_A11;

-- Node name is 'Pout6' 
-- Equation name is 'Pout6', type is output 
Pout6    =  _LC4_A3;

-- Node name is 'Pout7' 
-- Equation name is 'Pout7', type is output 
Pout7    =  _LC3_A1;

-- Node name is ':38' = 'stack0' 
-- Equation name is 'stack0', location is LC2_A1, type is buried.
stack0   = DFFE( _EQ009, GLOBAL( clk),  VCC,  VCC, !_LC4_A10);
  _EQ009 =  _LC4_A1 &  stack0
         # !_LC4_A1 &  sin;

-- Node name is ':37' = 'stack1' 
-- Equation name is 'stack1', location is LC4_A4, type is buried.
stack1   = DFFE( _EQ010, GLOBAL( clk),  VCC,  VCC, !_LC4_A10);
  _EQ010 = !_LC3_A4 &  sin
         #  _LC3_A4 &  stack1;

-- Node name is ':36' = 'stack2' 
-- Equation name is 'stack2', location is LC3_A6, type is buried.
stack2   = DFFE( _EQ011, GLOBAL( clk),  VCC,  VCC, !_LC4_A10);
  _EQ011 =  _LC2_A6 &  stack2
         # !_LC2_A6 &  sin;

-- Node name is ':35' = 'stack3' 
-- Equation name is 'stack3', location is LC5_A6, type is buried.
stack3   = DFFE( _EQ012, GLOBAL( clk),  VCC,  VCC, !_LC4_A10);
  _EQ012 =  _LC6_A6 &  stack3
         # !_LC6_A6 &  sin;

-- Node name is ':34' = 'stack4' 
-- Equation name is 'stack4', location is LC5_A8, type is buried.
stack4   = DFFE( _EQ013, GLOBAL( clk),  VCC,  VCC, !_LC4_A10);
  _EQ013 =  _LC2_A8 &  stack4
         # !_LC2_A8 &  sin;

-- Node name is ':33' = 'stack5' 
-- Equation name is 'stack5', location is LC6_A8, type is buried.
stack5   = DFFE( _EQ014, GLOBAL( clk),  VCC,  VCC, !_LC4_A10);
  _EQ014 = !_LC3_A8 &  sin
         #  _LC3_A8 &  stack5;

-- Node name is ':32' = 'stack6' 
-- Equation name is 'stack6', location is LC6_A3, type is buried.
stack6   = DFFE( _EQ015, GLOBAL( clk),  VCC,  VCC, !_LC4_A10);
  _EQ015 =  _LC2_A3 &  stack6
         # !_LC2_A3 &  sin;

-- Node name is ':31' = 'stack7' 
-- Equation name is 'stack7', location is LC5_A3, type is buried.
stack7   = DFFE( _EQ016, GLOBAL( clk),  VCC,  VCC, !_LC4_A10);
  _EQ016 =  _LC3_A3 &  stack7
         # !_LC3_A3 &  sin;

-- Node name is ':30' = 'stack8' 
-- Equation name is 'stack8', location is LC6_A1, type is buried.
stack8   = DFFE( _EQ017, GLOBAL( clk),  VCC,  VCC, !_LC4_A10);
  _EQ017 =  _LC5_A1 &  stack8
         # !_LC5_A1 &  sin;

-- Node name is ':29' = 'stack9' 
-- Equation name is 'stack9', location is LC5_A4, type is buried.
stack9   = DFFE( _EQ018, GLOBAL( clk),  VCC,  VCC, !_LC4_A10);
  _EQ018 = !_LC7_A4 &  sin
         #  _LC7_A4 &  stack9;

-- Node name is ':20' = 'start_bit' 
-- Equation name is 'start_bit', location is LC2_A10, type is buried.
start_bit = DFFE( VCC, GLOBAL(!sin), !_LC4_A10,  VCC,  VCC);

-- Node name is '|LPM_ADD_SUB:399|addcore:adder|:75' from file "addcore.tdf" line 312, column 64
-- Equation name is '_LC4_A12', type is buried 
_LC4_A12 = LCELL( _EQ019);
  _EQ019 =  cnt0 &  cnt1;

-- Node name is '|LPM_ADD_SUB:399|addcore:adder|:79' from file "addcore.tdf" line 312, column 64
-- Equation name is '_LC7_A12', type is buried 
_LC7_A12 = LCELL( _EQ020);
  _EQ020 =  cnt0 &  cnt1 &  cnt2;

-- Node name is '|LPM_ADD_SUB:399|addcore:adder|:83' from file "addcore.tdf" line 312, column 64
-- Equation name is '_LC1_A12', type is buried 
_LC1_A12 = LCELL( _EQ021);
  _EQ021 =  cnt0 &  cnt1 &  cnt2 &  cnt3;

-- Node name is '|LPM_ADD_SUB:399|addcore:adder|:87' from file "addcore.tdf" line 312, column 64
-- Equation name is '_LC3_A7', type is buried 
_LC3_A7  = LCELL( _EQ022);
  _EQ022 =  cnt4 &  _LC1_A12;

-- Node name is '|LPM_ADD_SUB:399|addcore:adder|:91' from file "addcore.tdf" line 312, column 64
-- Equation name is '_LC5_A7', type is buried 
_LC5_A7  = LCELL( _EQ023);
  _EQ023 =  cnt5 &  _LC3_A7;

-- Node name is '|LPM_ADD_SUB:399|addcore:adder|:95' from file "addcore.tdf" line 312, column 64
-- Equation name is '_LC7_A7', type is buried 
_LC7_A7  = LCELL( _EQ024);
  _EQ024 =  cnt6 &  _LC5_A7;

-- Node name is ':3' 
-- Equation name is '_LC3_A1', type is buried 
_LC3_A1  = DFFE( _EQ025, GLOBAL( clk),  VCC,  VCC, !_LC4_A10);
  _EQ025 = !_LC1_A11 &  _LC8_A1
         #  _LC1_A11 &  _LC3_A1;

-- Node name is ':5' 
-- Equation name is '_LC4_A3', type is buried 
_LC4_A3  = DFFE( _EQ026, GLOBAL( clk),  VCC,  VCC, !_LC4_A10);
  _EQ026 = !_LC1_A11 &  _LC7_A3
         #  _LC1_A11 &  _LC4_A3;

-- Node name is ':7' 
-- Equation name is '_LC3_A11', type is buried 
_LC3_A11 = DFFE( _EQ027, GLOBAL( clk),  VCC,  VCC, !_LC4_A10);
  _EQ027 = !_LC1_A11 &  _LC7_A11
         #  _LC1_A11 &  _LC3_A11;

-- Node name is ':9' 
-- Equation name is '_LC8_A8', type is buried 
_LC8_A8  = DFFE( _EQ028, GLOBAL( clk),  VCC,  VCC, !_LC4_A10);
  _EQ028 = !_LC1_A11 &  _LC7_A8
         #  _LC1_A11 &  _LC8_A8;

-- Node name is ':11' 
-- Equation name is '_LC8_A11', type is buried 
_LC8_A11 = DFFE( _EQ029, GLOBAL( clk),  VCC,  VCC, !_LC4_A10);
  _EQ029 = !_LC1_A11 &  _LC6_A11
         #  _LC1_A11 &  _LC8_A11;

-- Node name is ':13' 
-- Equation name is '_LC5_A11', type is buried 
_LC5_A11 = DFFE( _EQ030, GLOBAL( clk),  VCC,  VCC, !_LC4_A10);
  _EQ030 = !_LC1_A11 &  _LC4_A11
         #  _LC1_A11 &  _LC5_A11;

-- Node name is ':15' 
-- Equation name is '_LC7_A6', type is buried 
_LC7_A6  = DFFE( _EQ031, GLOBAL( clk),  VCC,  VCC, !_LC4_A10);
  _EQ031 = !_LC1_A11 &  _LC8_A6
         #  _LC1_A11 &  _LC7_A6;

-- Node name is ':17' 
-- Equation name is '_LC1_A1', type is buried 
_LC1_A1  = DFFE( _EQ032, GLOBAL( clk),  VCC,  VCC, !_LC4_A10);
  _EQ032 = !_LC1_A11 &  _LC7_A1
         #  _LC1_A1 &  _LC1_A11;

-- Node name is ':331' 
-- Equation name is '_LC1_A10', type is buried 
_LC1_A10 = LCELL( _EQ033);
  _EQ033 = !cnt5 & !cnt6;

-- Node name is '~502~1' 
-- Equation name is '~502~1', location is LC1_A3, type is buried.
-- synthesized logic cell 
!_LC1_A3 = _LC1_A3~NOT;
_LC1_A3~NOT = LCELL( _EQ034);
  _EQ034 =  _LC1_A10 &  _LC6_A4
         # !start_bit
         #  _LC1_A10 &  _LC8_A4;

-- Node name is '~502~2' 
-- Equation name is '~502~2', location is LC8_A3, type is buried.
-- synthesized logic cell 
!_LC8_A3 = _LC8_A3~NOT;
_LC8_A3~NOT = LCELL( _EQ035);
  _EQ035 = !_LC1_A3
         #  cnt5 & !cnt6 &  _LC6_A4;

-- Node name is '~502~3' 
-- Equation name is '~502~3', location is LC1_A8, type is buried.
-- synthesized logic cell 
!_LC1_A8 = _LC1_A8~NOT;
_LC1_A8~NOT = LCELL( _EQ036);
  _EQ036 = !_LC8_A3
         #  cnt5 & !cnt6 &  _LC8_A4;

-- Node name is '~502~4' 
-- Equation name is '~502~4', location is LC4_A8, type is buried.
-- synthesized logic cell 
!_LC4_A8 = _LC4_A8~NOT;
_LC4_A8~NOT = LCELL( _EQ037);
  _EQ037 = !_LC1_A8
         # !cnt5 &  cnt6 &  _LC6_A4;

-- Node name is '~502~5' 
-- Equation name is '~502~5', location is LC1_A6, type is buried.
-- synthesized logic cell 
!_LC1_A6 = _LC1_A6~NOT;
_LC1_A6~NOT = LCELL( _EQ038);
  _EQ038 = !_LC4_A8
         # !cnt5 &  cnt6 &  _LC8_A4;

-- Node name is '~502~6' 
-- Equation name is '~502~6', location is LC4_A6, type is buried.
-- synthesized logic cell 
!_LC4_A6 = _LC4_A6~NOT;
_LC4_A6~NOT = LCELL( _EQ039);
  _EQ039 = !_LC1_A6
         #  cnt5 &  cnt6 &  _LC6_A4;

-- Node name is '~519~1' 
-- Equation name is '~519~1', location is LC8_A4, type is buried.
-- synthesized logic cell 
_LC8_A4  = LCELL( _EQ040);
  _EQ040 =  cnt3 &  cnt4 & !cnt7 &  _LC8_A12;

-- Node name is '~536~1' 
-- Equation name is '~536~1', location is LC6_A4, type is buried.
-- synthesized logic cell 
_LC6_A4  = LCELL( _EQ041);
  _EQ041 =  cnt3 & !cnt4 & !cnt7 &  _LC8_A12;

-- Node name is ':621' 
-- Equation name is '_LC1_A4', type is buried 
_LC1_A4  = LCELL( _EQ042);
  _EQ042 =  cnt5 &  cnt6 &  _LC8_A4;

-- Node name is '~638~1' 
-- Equation name is '~638~1', location is LC2_A4, type is buried.
-- synthesized logic cell 
!_LC2_A4 = _LC2_A4~NOT;
_LC2_A4~NOT = LCELL( _EQ043);
  _EQ043 = !cnt3
         # !_LC8_A12
         # !cnt7
         # !_LC1_A10;

-- Node name is '~655~1' 
-- Equation name is '~655~1', location is LC8_A12, type is buried.
-- synthesized logic cell 
!_LC8_A12 = _LC8_A12~NOT;
_LC8_A12~NOT = LCELL( _EQ044);
  _EQ044 =  cnt0
         #  cnt2
         #  cnt1;

-- Node name is '~655~2' 
-- Equation name is '~655~2', location is LC2_A11, type is buried.
-- synthesized logic cell 
!_LC2_A11 = _LC2_A11~NOT;
_LC2_A11~NOT = LCELL( _EQ045);
  _EQ045 = !cnt7
         # !_LC1_A10;

-- Node name is ':1790' 
-- Equation name is '_LC8_A1', type is buried 
_LC8_A1  = LCELL( _EQ046);
  _EQ046 =  stack0
         # !stack9
         #  stack8;

-- Node name is ':1796' 
-- Equation name is '_LC7_A3', type is buried 
_LC7_A3  = LCELL( _EQ047);
  _EQ047 =  stack0
         # !stack9
         #  stack7;

-- Node name is ':1802' 
-- Equation name is '_LC7_A11', type is buried 
_LC7_A11 = LCELL( _EQ048);
  _EQ048 =  stack0
         # !stack9
         #  stack6;

-- Node name is ':1808' 
-- Equation name is '_LC7_A8', type is buried 
_LC7_A8  = LCELL( _EQ049);
  _EQ049 =  stack0
         # !stack9
         #  stack5;

-- Node name is ':1814' 
-- Equation name is '_LC6_A11', type is buried 
_LC6_A11 = LCELL( _EQ050);
  _EQ050 =  stack0
         # !stack9
         #  stack4;

-- Node name is ':1820' 
-- Equation name is '_LC4_A11', type is buried 
_LC4_A11 = LCELL( _EQ051);
  _EQ051 =  stack0
         # !stack9
         #  stack3;

-- Node name is ':1826' 
-- Equation name is '_LC8_A6', type is buried 
_LC8_A6  = LCELL( _EQ052);
  _EQ052 =  stack0
         # !stack9
         #  stack2;

-- Node name is ':1832' 
-- Equation name is '_LC7_A1', type is buried 
_LC7_A1  = LCELL( _EQ053);
  _EQ053 =  stack0
         # !stack9
         #  stack1;

-- Node name is '~1933~1' 
-- Equation name is '~1933~1', location is LC3_A10, type is buried.
-- synthesized logic cell 
_LC3_A10 = LCELL( _EQ054);
  _EQ054 = !cnt7 &  start_bit
         #  _LC1_A10 &  start_bit;

-- Node name is '~1980~1' 
-- Equation name is '~1980~1', location is LC7_A4, type is buried.
-- synthesized logic cell 
_LC7_A4  = LCELL( _EQ055);
  _EQ055 = !_LC4_A6
         #  _LC1_A4
         # !cnt4
         # !_LC2_A4;

-- Node name is '~1986~1' 
-- Equation name is '~1986~1', location is LC5_A1, type is buried.
-- synthesized logic cell 
!_LC5_A1 = _LC5_A1~NOT;
_LC5_A1~NOT = LCELL( _EQ056);
  _EQ056 =  _LC1_A10 & !_LC6_A4 &  _LC8_A4 &  start_bit;

-- Node name is '~1992~1' 
-- Equation name is '~1992~1', location is LC3_A3, type is buried.
-- synthesized logic cell 
!_LC3_A3 = _LC3_A3~NOT;
_LC3_A3~NOT = LCELL( _EQ057);
  _EQ057 =  cnt5 & !cnt6 &  _LC1_A3 &  _LC6_A4;

-- Node name is '~1998~1' 
-- Equation name is '~1998~1', location is LC2_A3, type is buried.
-- synthesized logic cell 
!_LC2_A3 = _LC2_A3~NOT;
_LC2_A3~NOT = LCELL( _EQ058);
  _EQ058 =  cnt5 & !cnt6 &  _LC8_A3 &  _LC8_A4;

-- Node name is '~2004~1' 
-- Equation name is '~2004~1', location is LC3_A8, type is buried.
-- synthesized logic cell 
_LC3_A8  = LCELL( _EQ059);
  _EQ059 =  cnt5
         # !cnt6
         # !_LC6_A4
         # !_LC1_A8;

-- Node name is '~2010~1' 
-- Equation name is '~2010~1', location is LC2_A8, type is buried.
-- synthesized logic cell 
!_LC2_A8 = _LC2_A8~NOT;
_LC2_A8~NOT = LCELL( _EQ060);
  _EQ060 = !cnt5 &  cnt6 &  _LC4_A8 &  _LC8_A4;

-- Node name is '~2016~1' 
-- Equation name is '~2016~1', location is LC6_A6, type is buried.
-- synthesized logic cell 
!_LC6_A6 = _LC6_A6~NOT;
_LC6_A6~NOT = LCELL( _EQ061);
  _EQ061 =  cnt5 &  cnt6 &  _LC1_A6 &  _LC6_A4;

-- Node name is '~2022~1' 
-- Equation name is '~2022~1', location is LC2_A6, type is buried.
-- synthesized logic cell 
!_LC2_A6 = _LC2_A6~NOT;
_LC2_A6~NOT = LCELL( _EQ062);
  _EQ062 =  cnt5 &  cnt6 &  _LC4_A6 &  _LC8_A4;

-- Node name is '~2028~1' 
-- Equation name is '~2028~1', location is LC3_A4, type is buried.
-- synthesized logic cell 
_LC3_A4  = LCELL( _EQ063);
  _EQ063 = !_LC4_A6
         #  _LC1_A4
         #  cnt4
         # !_LC2_A4;

-- Node name is '~2034~1' 
-- Equation name is '~2034~1', location is LC4_A1, type is buried.
-- synthesized logic cell 
!_LC4_A1 = _LC4_A1~NOT;
_LC4_A1~NOT = LCELL( _EQ064);
  _EQ064 =  _LC1_A10 &  _LC6_A4 &  start_bit;

-- Node name is '~2082~1' 
-- Equation name is '~2082~1', location is LC3_A12, type is buried.
-- synthesized logic cell 
_LC3_A12 = LCELL( _EQ065);
  _EQ065 = !cnt1
         # !start_bit
         # !cnt2
         #  cnt0;

-- Node name is '~2082~2' 
-- Equation name is '~2082~2', location is LC1_A11, type is buried.
-- synthesized logic cell 
_LC1_A11 = LCELL( _EQ066);
  _EQ066 = !_LC2_A11
         #  _LC3_A12
         # !cnt4
         # !cnt3;

-- Node name is '~2190~1' 
-- Equation name is '~2190~1', location is LC5_A10, type is buried.
-- synthesized logic cell 
_LC5_A10 = LCELL( _EQ067);
  _EQ067 =  cnt4
         # !cnt7
         #  cnt3;

-- Node name is ':2190' 
-- Equation name is '_LC4_A10', type is buried 
!_LC4_A10 = _LC4_A10~NOT;
_LC4_A10~NOT = LCELL( _EQ068);
  _EQ068 = !_LC8_A12
         #  _LC5_A10
         # !cnt5
         #  cnt6;



Project Information               d:\dor & dan\everything 2\everything\rx3.rpt

** COMPILATION SETTINGS & TIMES **

Processing Menu Commands
------------------------

Design Doctor                             = off

Logic Synthesis:

   Synthesis Type Used                    = Multi-Level

   Default Synthesis Style                = NORMAL

      Logic option settings in 'NORMAL' style for 'FLEX10K' family

      CARRY_CHAIN                         = ignore
      CARRY_CHAIN_LENGTH                  = 32
      CASCADE_CHAIN                       = ignore
      CASCADE_CHAIN_LENGTH                = 2
      DECOMPOSE_GATES                     = on
      DUPLICATE_LOGIC_EXTRACTION          = on
      MINIMIZATION                        = full
      MULTI_LEVEL_FACTORING               = on
      NOT_GATE_PUSH_BACK                  = on
      REDUCE_LOGIC                        = on
      REFACTORIZATION                     = on
      REGISTER_OPTIMIZATION               = on
      RESYNTHESIZE_NETWORK                = on
      SLOW_SLEW_RATE                      = off
      SUBFACTOR_EXTRACTION                = on
      IGNORE_SOFT_BUFFERS                 = on
      USE_LPM_FOR_AHDL_OPERATORS          = off

   Other logic synthesis settings:

      Automatic Global Clock              = on
      Automatic Global Clear              = on
      Automatic Global Preset             = on
      Automatic Global Output Enable      = on
      Automatic Fast I/O                  = off
      Automatic Register Packing          = off
      Automatic Open-Drain Pins           = on
      Automatic Implement in EAB          = off
      Optimize                            = 5

Default Timing Specifications: None

Cut All Bidir Feedback Timing Paths       = on
Cut All Clear & Preset Timing Paths       = on

Ignore Timing Assignments                 = off

Functional SNF Extractor                  = off

Linked SNF Extractor                      = off
Timing SNF Extractor                      = on
Optimize Timing SNF                       = off
Generate AHDL TDO File                    = off
Fitter Settings                           = NORMAL
Use Quartus Fitter                        = on
Smart Recompile                           = off
Total Recompile                           = off

Interfaces Menu Commands
------------------------

EDIF Netlist Writer                       = off
Verilog Netlist Writer                    = off
VHDL Netlist Writer                       = off

Compilation Times
-----------------

   Compiler Netlist Extractor             00:00:00
   Database Builder                       00:00:00
   Logic Synthesizer                      00:00:00
   Partitioner                            00:00:00
   Fitter                                 00:00:01
   Timing SNF Extractor                   00:00:00
   Assembler                              00:00:00
   --------------------------             --------
   Total Time                             00:00:01


Memory Allocated
-----------------

Peak memory allocated during compilation  = 20,064K
