Project Information     i:\project yud daled\programs\split7seg\split_7seg.rpt

MAX+plus II Compiler Report File
Version 10.1 06/12/2001
Compiled: 09/17/2017 09:51:47

Copyright (C) 1988-2001 Altera Corporation
Any megafunction design, and related net list (encrypted or decrypted),
support information, device programming or simulation file, and any other
associated documentation or information provided by Altera or a partner
under Altera's Megafunction Partnership Program may be used only to
program PLD devices (but not masked PLD devices) from Altera.  Any other
use of such megafunction design, net list, support information, device
programming or simulation file, or any other related documentation or
information is prohibited for any other purpose, including, but not
limited to modification, reverse engineering, de-compiling, or use with
any other silicon devices, unless such use is explicitly licensed under
a separate agreement with Altera or a megafunction partner.  Title to
the intellectual property, including patents, copyrights, trademarks,
trade secrets, or maskworks, embodied in any such megafunction design,
net list, support information, device programming or simulation file, or
any other related documentation or information provided by Altera or a
megafunction partner, remains with Altera, the megafunction partner, or
their respective licensors.  No other licenses, including any licenses
needed under any third party's intellectual property, are provided herein.



***** Project compilation was successful


SPLIT_7SEG


** DEVICE SUMMARY **

Chip/                     Input   Output   Bidir         Shareable
POF       Device          Pins    Pins     Pins     LCs  Expanders  % Utilized

split_7seg
      EPM7032LC44-6        8        8        0      8       0           25 %

User Pins:                 8        8        0  



Device-Specific Information:i:\project yud daled\programs\split7seg\split_7seg.rpt
split_7seg

***** Logic for device 'split_7seg' compiled without errors.




Device: EPM7032LC44-6

Device Options:
    Turbo Bit                                    = ON
    Security Bit                                 = OFF

               d  d  d                          
               a  a  a                          
               t  t  t                          
               a  a  a                          
               _  _  _                       h  
               s  s  s                    l  i  
               e  e  e  V  G  G  G  G  G  o  g  
               g  g  g  C  N  N  N  N  N  w  h  
               6  7  0  C  D  D  D  D  D  0  3  
             -----------------------------------_ 
           /   6  5  4  3  2  1 44 43 42 41 40   | 
data_seg5 |  7                                39 | low2 
data_seg4 |  8                                38 | high2 
data_seg3 |  9                                37 | high1 
      GND | 10                                36 | low3 
data_seg2 | 11                                35 | VCC 
data_seg1 | 12         EPM7032LC44-6          34 | high0 
 RESERVED | 13                                33 | low1 
 RESERVED | 14                                32 | RESERVED 
      VCC | 15                                31 | RESERVED 
 RESERVED | 16                                30 | GND 
 RESERVED | 17                                29 | RESERVED 
          |_  18 19 20 21 22 23 24 25 26 27 28  _| 
            ------------------------------------ 
               R  R  R  R  G  V  R  R  R  R  R  
               E  E  E  E  N  C  E  E  E  E  E  
               S  S  S  S  D  C  S  S  S  S  S  
               E  E  E  E        E  E  E  E  E  
               R  R  R  R        R  R  R  R  R  
               V  V  V  V        V  V  V  V  V  
               E  E  E  E        E  E  E  E  E  
               D  D  D  D        D  D  D  D  D  
                                                


N.C. = No Connect. This pin has no internal connection to the device.
VCC = Dedicated power pin, which MUST be connected to VCC.
GND = Dedicated ground pin or unused dedicated input, which MUST be connected to GND.
RESERVED = Unused I/O pin, which MUST be left unconnected.



Device-Specific Information:i:\project yud daled\programs\split7seg\split_7seg.rpt
split_7seg

** RESOURCE USAGE **

                                                Shareable     External
Logic Array Block     Logic Cells   I/O Pins    Expanders   Interconnect

A:     LC1 - LC16     0/16(  0%)   8/16( 50%)   0/16(  0%)   0/36(  0%) 
B:    LC17 - LC32     8/16( 50%)   8/16( 50%)   0/16(  0%)   8/36( 22%) 


Total dedicated input pins used:                 0/4      (  0%)
Total I/O pins used:                            16/32     ( 50%)
Total logic cells used:                          8/32     ( 25%)
Total shareable expanders used:                  0/32     (  0%)
Total Turbo logic cells used:                    8/32     ( 25%)
Total shareable expanders not available (n/a):   0/32     (  0%)
Average fan-in:                                  1.00
Total fan-in:                                     8

Total input pins required:                       8
Total output pins required:                      8
Total bidirectional pins required:               0
Total logic cells required:                      8
Total flipflops required:                        0
Total product terms required:                    8
Total logic cells lending parallel expanders:    0
Total shareable expanders in database:           0

Synthesized logic cells:                         0/  32   (  0%)



Device-Specific Information:i:\project yud daled\programs\split7seg\split_7seg.rpt
split_7seg

** INPUTS **

                                         Shareable
                                         Expanders     Fan-In    Fan-Out
 Pin     LC  LAB  Primitive    Code   Total Shared n/a INP  FBK  OUT  FBK  Name
   4    (1)  (A)      INPUT               0      0   0    0    0    1    0  data_seg0
  12    (8)  (A)      INPUT               0      0   0    0    0    1    0  data_seg1
  11    (7)  (A)      INPUT               0      0   0    0    0    1    0  data_seg2
   9    (6)  (A)      INPUT               0      0   0    0    0    1    0  data_seg3
   8    (5)  (A)      INPUT               0      0   0    0    0    1    0  data_seg4
   7    (4)  (A)      INPUT               0      0   0    0    0    1    0  data_seg5
   6    (3)  (A)      INPUT               0      0   0    0    0    1    0  data_seg6
   5    (2)  (A)      INPUT               0      0   0    0    0    1    0  data_seg7


Code:

s = Synthesized pin or logic cell
t = Turbo logic cell
+ = Synchronous flipflop
! = NOT gate push-back
r = Fitter-inserted logic cell


Device-Specific Information:i:\project yud daled\programs\split7seg\split_7seg.rpt
split_7seg

** OUTPUTS **

                                         Shareable
                                         Expanders     Fan-In    Fan-Out
 Pin     LC  LAB  Primitive    Code   Total Shared n/a INP  FBK  OUT  FBK  Name
  34     23    B     OUTPUT      t        0      0   0    1    0    0    0  high0
  37     21    B     OUTPUT      t        0      0   0    1    0    0    0  high1
  38     20    B     OUTPUT      t        0      0   0    1    0    0    0  high2
  40     18    B     OUTPUT      t        0      0   0    1    0    0    0  high3
  41     17    B     OUTPUT      t        0      0   0    1    0    0    0  low0
  33     24    B     OUTPUT      t        0      0   0    1    0    0    0  low1
  39     19    B     OUTPUT      t        0      0   0    1    0    0    0  low2
  36     22    B     OUTPUT      t        0      0   0    1    0    0    0  low3


Code:

s = Synthesized pin or logic cell
t = Turbo logic cell
+ = Synchronous flipflop
! = NOT gate push-back
r = Fitter-inserted logic cell


Device-Specific Information:i:\project yud daled\programs\split7seg\split_7seg.rpt
split_7seg

** LOGIC CELL INTERCONNECTIONS **

Logic Array Block 'B':

                         Logic cells placed in LAB 'B'
        +--------------- LC23 high0
        | +------------- LC21 high1
        | | +----------- LC20 high2
        | | | +--------- LC18 high3
        | | | | +------- LC17 low0
        | | | | | +----- LC24 low1
        | | | | | | +--- LC19 low2
        | | | | | | | +- LC22 low3
        | | | | | | | | 
        | | | | | | | |   Other LABs fed by signals
        | | | | | | | |   that feed LAB 'B'
LC      | | | | | | | | | A B |     Logic cells that feed LAB 'B':

Pin
4    -> - - - - * - - - | - * | <-- data_seg0
12   -> - - - - - * - - | - * | <-- data_seg1
11   -> - - - - - - * - | - * | <-- data_seg2
9    -> - - - - - - - * | - * | <-- data_seg3
8    -> * - - - - - - - | - * | <-- data_seg4
7    -> - * - - - - - - | - * | <-- data_seg5
6    -> - - * - - - - - | - * | <-- data_seg6
5    -> - - - * - - - - | - * | <-- data_seg7


* = The logic cell or pin is an input to the logic cell (or LAB) through the PIA.
- = The logic cell or pin is not an input to the logic cell (or LAB).


Device-Specific Information:i:\project yud daled\programs\split7seg\split_7seg.rpt
split_7seg

** EQUATIONS **

data_seg0 : INPUT;
data_seg1 : INPUT;
data_seg2 : INPUT;
data_seg3 : INPUT;
data_seg4 : INPUT;
data_seg5 : INPUT;
data_seg6 : INPUT;
data_seg7 : INPUT;

-- Node name is 'high0' 
-- Equation name is 'high0', location is LC023, type is output.
 high0   = LCELL( data_seg4 $  GND);

-- Node name is 'high1' 
-- Equation name is 'high1', location is LC021, type is output.
 high1   = LCELL( data_seg5 $  GND);

-- Node name is 'high2' 
-- Equation name is 'high2', location is LC020, type is output.
 high2   = LCELL( data_seg6 $  GND);

-- Node name is 'high3' 
-- Equation name is 'high3', location is LC018, type is output.
 high3   = LCELL( data_seg7 $  GND);

-- Node name is 'low0' 
-- Equation name is 'low0', location is LC017, type is output.
 low0    = LCELL( data_seg0 $  GND);

-- Node name is 'low1' 
-- Equation name is 'low1', location is LC024, type is output.
 low1    = LCELL( data_seg1 $  GND);

-- Node name is 'low2' 
-- Equation name is 'low2', location is LC019, type is output.
 low2    = LCELL( data_seg2 $  GND);

-- Node name is 'low3' 
-- Equation name is 'low3', location is LC022, type is output.
 low3    = LCELL( data_seg3 $  GND);



--     Shareable expanders that are duplicated in multiple LABs:
--     (none)




Project Information     i:\project yud daled\programs\split7seg\split_7seg.rpt

** COMPILATION SETTINGS & TIMES **

Processing Menu Commands
------------------------

Design Doctor                             = off

Logic Synthesis:

   Synthesis Type Used                    = Standard

   Default Synthesis Style                = NORMAL

      Logic option settings in 'NORMAL' style for 'MAX7000' family

      DECOMPOSE_GATES                     = on
      DUPLICATE_LOGIC_EXTRACTION          = on
      MINIMIZATION                        = full
      MULTI_LEVEL_FACTORING               = on
      NOT_GATE_PUSH_BACK                  = on
      PARALLEL_EXPANDERS                  = off
      REDUCE_LOGIC                        = on
      REFACTORIZATION                     = on
      REGISTER_OPTIMIZATION               = on
      RESYNTHESIZE_NETWORK                = on
      SLOW_SLEW_RATE                      = off
      SOFT_BUFFER_INSERTION               = on
      SUBFACTOR_EXTRACTION                = on
      TURBO_BIT                           = on
      XOR_SYNTHESIS                       = on
      IGNORE_SOFT_BUFFERS                 = off
      USE_LPM_FOR_AHDL_OPERATORS          = off

   Other logic synthesis settings:

      Automatic Global Clock              = on
      Automatic Global Clear              = on
      Automatic Global Preset             = on
      Automatic Global Output Enable      = on
      Automatic Fast I/O                  = off
      Automatic Register Packing          = off
      Automatic Open-Drain Pins           = on
      Automatic Implement in EAB          = off
      One-Hot State Machine Encoding      = off
      Optimize                            = 5

Default Timing Specifications: None

Cut All Bidir Feedback Timing Paths       = on
Cut All Clear & Preset Timing Paths       = on

Ignore Timing Assignments                 = off

Functional SNF Extractor                  = off

Linked SNF Extractor                      = off
Timing SNF Extractor                      = on
Optimize Timing SNF                       = off
Generate AHDL TDO File                    = off
Fitter Settings                           = NORMAL
Smart Recompile                           = off
Total Recompile                           = off

Interfaces Menu Commands
------------------------

EDIF Netlist Writer                       = off
Verilog Netlist Writer                    = off
VHDL Netlist Writer                       = off

Compilation Times
-----------------

   Compiler Netlist Extractor             00:00:01
   Database Builder                       00:00:00
   Logic Synthesizer                      00:00:00
   Partitioner                            00:00:00
   Fitter                                 00:00:00
   Timing SNF Extractor                   00:00:00
   Assembler                              00:00:00
   --------------------------             --------
   Total Time                             00:00:01


Memory Allocated
-----------------

Peak memory allocated during compilation  = 3,211K
